#
# There is insufficient memory for the Java Runtime Environment to continue.
# Native memory allocation (malloc) failed to allocate 1771056 bytes for Chunk::new
# Possible reasons:
#   The system is out of physical RAM or swap space
#   In 32 bit mode, the process size limit was hit
# Possible solutions:
#   Reduce memory load on the system
#   Increase physical memory or swap space
#   Check if swap backing store is full
#   Use 64 bit Java on a 64 bit OS
#   Decrease Java heap size (-Xmx/-Xms)
#   Decrease number of Java threads
#   Decrease Java thread stack sizes (-Xss)
#   Set larger code cache with -XX:ReservedCodeCacheSize=
# This output file may be truncated or incomplete.
#
#  Out of Memory Error (allocation.cpp:388), pid=9484, tid=9276
#
# JRE version: Java(TM) SE Runtime Environment (8.0_05-b13) (build 1.8.0_05-b13)
# Java VM: Java HotSpot(TM) 64-Bit Server VM (25.5-b02 mixed mode windows-amd64 compressed oops)
# Failed to write core dump. Minidumps are not enabled by default on client versions of Windows
#

---------------  T H R E A D  ---------------

Current thread (0x0000000007b78800):  JavaThread "C2 CompilerThread1" daemon [_thread_in_native, id=9276, stack(0x0000000009160000,0x0000000009260000)]

Stack: [0x0000000009160000,0x0000000009260000]
Native frames: (J=compiled Java code, j=interpreted, Vv=VM code, C=native code)
V  [jvm.dll+0x308dea]
V  [jvm.dll+0x25def1]
V  [jvm.dll+0x25eb0f]
V  [jvm.dll+0x2564e5]
V  [jvm.dll+0xbcfc5]
V  [jvm.dll+0xbd45c]
V  [jvm.dll+0x44d422]
V  [jvm.dll+0x48e13f]
V  [jvm.dll+0x44293e]
V  [jvm.dll+0x44366b]
V  [jvm.dll+0x427532]
V  [jvm.dll+0x96702]
V  [jvm.dll+0x96ef3]
V  [jvm.dll+0x2232c4]
V  [jvm.dll+0x27baca]
C  [msvcr100.dll+0x21d9f]
C  [msvcr100.dll+0x21e3b]
C  [kernel32.dll+0x159bd]
C  [ntdll.dll+0x2a2e1]


Current CompileTask:
C2:   3635 2064       4       com.android.dx.rop.code.Rops::ropFor (771 bytes)


---------------  P R O C E S S  ---------------

Java Threads: ( => current thread )
  0x0000000007e95800 JavaThread "pool-1-thread-1" [_thread_in_native, id=6340, stack(0x000000000a1f0000,0x000000000a2f0000)]
  0x0000000007c05000 JavaThread "Service Thread" daemon [_thread_blocked, id=9356, stack(0x00000000098f0000,0x00000000099f0000)]
  0x0000000007b81800 JavaThread "C1 CompilerThread3" daemon [_thread_blocked, id=4108, stack(0x0000000009600000,0x0000000009700000)]
  0x0000000007b80800 JavaThread "C2 CompilerThread2" daemon [_thread_in_native, id=9696, stack(0x0000000009410000,0x0000000009510000)]
=>0x0000000007b78800 JavaThread "C2 CompilerThread1" daemon [_thread_in_native, id=9276, stack(0x0000000009160000,0x0000000009260000)]
  0x0000000007b70800 JavaThread "C2 CompilerThread0" daemon [_thread_in_vm, id=8680, stack(0x0000000009290000,0x0000000009390000)]
  0x0000000007b6d000 JavaThread "Attach Listener" daemon [_thread_blocked, id=4828, stack(0x0000000009040000,0x0000000009140000)]
  0x0000000007b6b000 JavaThread "Signal Dispatcher" daemon [_thread_blocked, id=8444, stack(0x0000000008f10000,0x0000000009010000)]
  0x00000000025be000 JavaThread "Finalizer" daemon [_thread_blocked, id=8440, stack(0x0000000008ab0000,0x0000000008bb0000)]
  0x0000000006cd3800 JavaThread "Reference Handler" daemon [_thread_blocked, id=7088, stack(0x0000000008e10000,0x0000000008f10000)]
  0x0000000002528000 JavaThread "main" [_thread_blocked, id=9584, stack(0x00000000029f0000,0x0000000002af0000)]

Other Threads:
  0x0000000007b23000 VMThread [stack: 0x0000000008c40000,0x0000000008d40000] [id=10068]
  0x0000000007c07800 WatcherThread [stack: 0x0000000009710000,0x0000000009810000] [id=9944]

VM state:not at safepoint (normal execution)

VM Mutex/Monitor currently owned by a thread: None

Heap:
 PSYoungGen      total 81920K, used 28770K [0x00000000eab00000, 0x00000000f2500000, 0x0000000100000000)
  eden space 70144K, 26% used [0x00000000eab00000,0x00000000ebd609a0,0x00000000eef80000)
  from space 11776K, 84% used [0x00000000eef80000,0x00000000ef938000,0x00000000efb00000)
  to   space 13312K, 0% used [0x00000000f1800000,0x00000000f1800000,0x00000000f2500000)
 ParOldGen       total 162304K, used 40506K [0x00000000c0000000, 0x00000000c9e80000, 0x00000000eab00000)
  object space 162304K, 24% used [0x00000000c0000000,0x00000000c278e930,0x00000000c9e80000)
 Metaspace       used 6497K, capacity 7408K, committed 7552K, reserved 1056768K
  class space    used 612K, capacity 616K, committed 640K, reserved 1048576K

Card table byte_map: [0x0000000003180000,0x0000000003390000] byte_map_base: 0x0000000002b80000

Marking Bits: (ParMarkBitMap*) 0x000000005bc413b0
 Begin Bits: [0x00000000040f0000, 0x00000000050f0000)
 End Bits:   [0x00000000050f0000, 0x00000000060f0000)

Polling page: 0x0000000000240000

CodeCache: size=245760Kb used=9649Kb max_used=9652Kb free=236110Kb
 bounds [0x000000000f010000, 0x000000000f990000, 0x000000001e010000]
 total_blobs=2879 nmethods=2611 adapters=179
 compilation: enabled

Compilation events (10 events):
Event: 3.446 Thread 0x0000000007b78800 nmethod 1992 0x000000000f95a050 code [0x000000000f95a1e0, 0x000000000f95a748]
Event: 3.446 Thread 0x0000000007b78800 2014       4       com.android.dx.ssa.SsaRenamer$BlockRenamer::<init> (72 bytes)
Event: 3.451 Thread 0x0000000007b78800 nmethod 2014 0x000000000f936d10 code [0x000000000f936e80, 0x000000000f937218]
Event: 3.451 Thread 0x0000000007b78800 2064       4       com.android.dx.rop.code.Rops::ropFor (771 bytes)
Event: 3.536 Thread 0x0000000007b70800 nmethod 1996 0x000000000f965a90 code [0x000000000f965da0, 0x000000000f967e10]
Event: 3.536 Thread 0x0000000007b70800 2063       4       com.android.dx.ssa.back.LivenessAnalyzer::<init> (55 bytes)
Event: 3.541 Thread 0x0000000007b70800 nmethod 2063 0x000000000f95f050 code [0x000000000f95f1c0, 0x000000000f95f578]
Event: 3.541 Thread 0x0000000007b70800 2068       4       com.android.dx.ssa.back.FirstFitLocalCombiningAllocator::getParameterIndexForReg (55 bytes)
Event: 3.558 Thread 0x0000000007b70800 nmethod 2068 0x000000000f95f990 code [0x000000000f95fb40, 0x000000000f960388]
Event: 3.558 Thread 0x0000000007b70800 1261       4       com.android.dx.rop.code.BasicBlockList::set (12 bytes)

GC Heap History (10 events):
Event: 2.034 GC heap before
{Heap before GC invocations=15 (full 0):
 PSYoungGen      total 36352K, used 35152K [0x00000000eab00000, 0x00000000ed480000, 0x0000000100000000)
  eden space 31744K, 100% used [0x00000000eab00000,0x00000000eca00000,0x00000000eca00000)
  from space 4608K, 73% used [0x00000000ecf00000,0x00000000ed254010,0x00000000ed380000)
  to   space 5120K, 0% used [0x00000000eca00000,0x00000000eca00000,0x00000000ecf00000)
 ParOldGen       total 162304K, used 11945K [0x00000000c0000000, 0x00000000c9e80000, 0x00000000eab00000)
  object space 162304K, 7% used [0x00000000c0000000,0x00000000c0baa650,0x00000000c9e80000)
 Metaspace       used 5888K, capacity 6896K, committed 7040K, reserved 1056768K
  class space    used 587K, capacity 616K, committed 640K, reserved 1048576K
Event: 2.056 GC heap after
Heap after GC invocations=15 (full 0):
 PSYoungGen      total 36864K, used 5106K [0x00000000eab00000, 0x00000000eeb00000, 0x0000000100000000)
  eden space 31744K, 0% used [0x00000000eab00000,0x00000000eab00000,0x00000000eca00000)
  from space 5120K, 99% used [0x00000000eca00000,0x00000000ecefca80,0x00000000ecf00000)
  to   space 7168K, 0% used [0x00000000ee400000,0x00000000ee400000,0x00000000eeb00000)
 ParOldGen       total 162304K, used 14993K [0x00000000c0000000, 0x00000000c9e80000, 0x00000000eab00000)
  object space 162304K, 9% used [0x00000000c0000000,0x00000000c0ea4748,0x00000000c9e80000)
 Metaspace       used 5888K, capacity 6896K, committed 7040K, reserved 1056768K
  class space    used 587K, capacity 616K, committed 640K, reserved 1048576K
}
Event: 2.141 GC heap before
{Heap before GC invocations=16 (full 0):
 PSYoungGen      total 36864K, used 36850K [0x00000000eab00000, 0x00000000eeb00000, 0x0000000100000000)
  eden space 31744K, 100% used [0x00000000eab00000,0x00000000eca00000,0x00000000eca00000)
  from space 5120K, 99% used [0x00000000eca00000,0x00000000ecefca80,0x00000000ecf00000)
  to   space 7168K, 0% used [0x00000000ee400000,0x00000000ee400000,0x00000000eeb00000)
 ParOldGen       total 162304K, used 14993K [0x00000000c0000000, 0x00000000c9e80000, 0x00000000eab00000)
  object space 162304K, 9% used [0x00000000c0000000,0x00000000c0ea4748,0x00000000c9e80000)
 Metaspace       used 5913K, capacity 6960K, committed 7040K, reserved 1056768K
  class space    used 587K, capacity 616K, committed 640K, reserved 1048576K
Event: 2.196 GC heap after
Heap after GC invocations=16 (full 0):
 PSYoungGen      total 57856K, used 4787K [0x00000000eab00000, 0x00000000eec00000, 0x0000000100000000)
  eden space 50688K, 0% used [0x00000000eab00000,0x00000000eab00000,0x00000000edc80000)
  from space 7168K, 66% used [0x00000000ee400000,0x00000000ee8acdf8,0x00000000eeb00000)
  to   space 7680K, 0% used [0x00000000edc80000,0x00000000edc80000,0x00000000ee400000)
 ParOldGen       total 162304K, used 19630K [0x00000000c0000000, 0x00000000c9e80000, 0x00000000eab00000)
  object space 162304K, 12% used [0x00000000c0000000,0x00000000c132b978,0x00000000c9e80000)
 Metaspace       used 5913K, capacity 6960K, committed 7040K, reserved 1056768K
  class space    used 587K, capacity 616K, committed 640K, reserved 1048576K
}
Event: 2.330 GC heap before
{Heap before GC invocations=17 (full 0):
 PSYoungGen      total 57856K, used 55475K [0x00000000eab00000, 0x00000000eec00000, 0x0000000100000000)
  eden space 50688K, 100% used [0x00000000eab00000,0x00000000edc80000,0x00000000edc80000)
  from space 7168K, 66% used [0x00000000ee400000,0x00000000ee8acdf8,0x00000000eeb00000)
  to   space 7680K, 0% used [0x00000000edc80000,0x00000000edc80000,0x00000000ee400000)
 ParOldGen       total 162304K, used 19630K [0x00000000c0000000, 0x00000000c9e80000, 0x00000000eab00000)
  object space 162304K, 12% used [0x00000000c0000000,0x00000000c132b978,0x00000000c9e80000)
 Metaspace       used 5996K, capacity 6960K, committed 7040K, reserved 1056768K
  class space    used 587K, capacity 616K, committed 640K, reserved 1048576K
Event: 2.346 GC heap after
Heap after GC invocations=17 (full 0):
 PSYoungGen      total 58368K, used 7666K [0x00000000eab00000, 0x00000000f0580000, 0x0000000100000000)
  eden space 50688K, 0% used [0x00000000eab00000,0x00000000eab00000,0x00000000edc80000)
  from space 7680K, 99% used [0x00000000edc80000,0x00000000ee3fc860,0x00000000ee400000)
  to   space 10752K, 0% used [0x00000000efb00000,0x00000000efb00000,0x00000000f0580000)
 ParOldGen       total 162304K, used 25156K [0x00000000c0000000, 0x00000000c9e80000, 0x00000000eab00000)
  object space 162304K, 15% used [0x00000000c0000000,0x00000000c1891190,0x00000000c9e80000)
 Metaspace       used 5996K, capacity 6960K, committed 7040K, reserved 1056768K
  class space    used 587K, capacity 616K, committed 640K, reserved 1048576K
}
Event: 2.454 GC heap before
{Heap before GC invocations=18 (full 0):
 PSYoungGen      total 58368K, used 58354K [0x00000000eab00000, 0x00000000f0580000, 0x0000000100000000)
  eden space 50688K, 100% used [0x00000000eab00000,0x00000000edc80000,0x00000000edc80000)
  from space 7680K, 99% used [0x00000000edc80000,0x00000000ee3fc860,0x00000000ee400000)
  to   space 10752K, 0% used [0x00000000efb00000,0x00000000efb00000,0x00000000f0580000)
 ParOldGen       total 162304K, used 25156K [0x00000000c0000000, 0x00000000c9e80000, 0x00000000eab00000)
  object space 162304K, 15% used [0x00000000c0000000,0x00000000c1891190,0x00000000c9e80000)
 Metaspace       used 6023K, capacity 7024K, committed 7296K, reserved 1056768K
  class space    used 587K, capacity 616K, committed 640K, reserved 1048576K
Event: 2.502 GC heap after
Heap after GC invocations=18 (full 0):
 PSYoungGen      total 80896K, used 8377K [0x00000000eab00000, 0x00000000f0780000, 0x0000000100000000)
  eden space 70144K, 0% used [0x00000000eab00000,0x00000000eab00000,0x00000000eef80000)
  from space 10752K, 77% used [0x00000000efb00000,0x00000000f032e538,0x00000000f0580000)
  to   space 11776K, 0% used [0x00000000eef80000,0x00000000eef80000,0x00000000efb00000)
 ParOldGen       total 162304K, used 32836K [0x00000000c0000000, 0x00000000c9e80000, 0x00000000eab00000)
  object space 162304K, 20% used [0x00000000c0000000,0x00000000c2011340,0x00000000c9e80000)
 Metaspace       used 6023K, capacity 7024K, committed 7296K, reserved 1056768K
  class space    used 587K, capacity 616K, committed 640K, reserved 1048576K
}
Event: 2.666 GC heap before
{Heap before GC invocations=19 (full 0):
 PSYoungGen      total 80896K, used 78521K [0x00000000eab00000, 0x00000000f0780000, 0x0000000100000000)
  eden space 70144K, 100% used [0x00000000eab00000,0x00000000eef80000,0x00000000eef80000)
  from space 10752K, 77% used [0x00000000efb00000,0x00000000f032e538,0x00000000f0580000)
  to   space 11776K, 0% used [0x00000000eef80000,0x00000000eef80000,0x00000000efb00000)
 ParOldGen       total 162304K, used 32836K [0x00000000c0000000, 0x00000000c9e80000, 0x00000000eab00000)
  object space 162304K, 20% used [0x00000000c0000000,0x00000000c2011340,0x00000000c9e80000)
 Metaspace       used 6045K, capacity 7024K, committed 7296K, reserved 1056768K
  class space    used 587K, capacity 616K, committed 640K, reserved 1048576K
Event: 2.726 GC heap after
Heap after GC invocations=19 (full 0):
 PSYoungGen      total 81920K, used 9952K [0x00000000eab00000, 0x00000000f2500000, 0x0000000100000000)
  eden space 70144K, 0% used [0x00000000eab00000,0x00000000eab00000,0x00000000eef80000)
  from space 11776K, 84% used [0x00000000eef80000,0x00000000ef938000,0x00000000efb00000)
  to   space 13312K, 0% used [0x00000000f1800000,0x00000000f1800000,0x00000000f2500000)
 ParOldGen       total 162304K, used 40506K [0x00000000c0000000, 0x00000000c9e80000, 0x00000000eab00000)
  object space 162304K, 24% used [0x00000000c0000000,0x00000000c278e930,0x00000000c9e80000)
 Metaspace       used 6045K, capacity 7024K, committed 7296K, reserved 1056768K
  class space    used 587K, capacity 616K, committed 640K, reserved 1048576K
}

Deoptimization events (10 events):
Event: 2.597 Thread 0x0000000009a26800 Uncommon trap: reason=bimorphic action=maybe_recompile pc=0x000000000f7131c0 method=com.android.dx.ssa.SCCP.setLatticeValueTo(IILcom/android/dx/rop/cst/Constant;)Z @ 43
Event: 2.597 Thread 0x0000000009a26800 Uncommon trap: reason=bimorphic action=maybe_recompile pc=0x000000000f7131c0 method=com.android.dx.ssa.SCCP.setLatticeValueTo(IILcom/android/dx/rop/cst/Constant;)Z @ 43
Event: 2.597 Thread 0x0000000009a26800 Uncommon trap: reason=bimorphic action=maybe_recompile pc=0x000000000f7131c0 method=com.android.dx.ssa.SCCP.setLatticeValueTo(IILcom/android/dx/rop/cst/Constant;)Z @ 43
Event: 2.597 Thread 0x0000000009a26800 Uncommon trap: reason=bimorphic action=maybe_recompile pc=0x000000000f7131c0 method=com.android.dx.ssa.SCCP.setLatticeValueTo(IILcom/android/dx/rop/cst/Constant;)Z @ 43
Event: 2.750 Thread 0x0000000007e95800 Uncommon trap: reason=class_check action=maybe_recompile pc=0x000000000f3ee1d0 method=java.util.Arrays.hashCode([Ljava/lang/Object;)I @ 43
Event: 2.750 Thread 0x0000000007e95800 Uncommon trap: reason=class_check action=maybe_recompile pc=0x000000000f3ee1d0 method=java.util.Arrays.hashCode([Ljava/lang/Object;)I @ 43
Event: 2.751 Thread 0x0000000007e95800 Uncommon trap: reason=class_check action=maybe_recompile pc=0x000000000f3ee1d0 method=java.util.Arrays.hashCode([Ljava/lang/Object;)I @ 43
Event: 2.751 Thread 0x0000000007e95800 Uncommon trap: reason=class_check action=maybe_recompile pc=0x000000000f3ee1d0 method=java.util.Arrays.hashCode([Ljava/lang/Object;)I @ 43
Event: 2.751 Thread 0x0000000007e95800 Uncommon trap: reason=class_check action=maybe_recompile pc=0x000000000f3f1440 method=java.util.Arrays.hashCode([Ljava/lang/Object;)I @ 43
Event: 2.782 Thread 0x0000000007e95800 Uncommon trap: reason=class_check action=maybe_recompile pc=0x000000000f54beac method=java.util.HashMap.putVal(ILjava/lang/Object;Ljava/lang/Object;ZZ)Ljava/lang/Object; @ 203

Internal exceptions (10 events):
Event: 2.927 Thread 0x0000000007e95800 Exception <a 'java/security/PrivilegedActionException'> (0x00000000eb37cef0) thrown at [D:\re\workspace\8-2-build-windows-amd64-cygwin\jdk8u5\2488\hotspot\src\share\vm\prims\jvm.cpp, line 1248]
Event: 2.949 Thread 0x0000000007e95800 Exception <a 'java/security/PrivilegedActionException'> (0x00000000eb3cd438) thrown at [D:\re\workspace\8-2-build-windows-amd64-cygwin\jdk8u5\2488\hotspot\src\share\vm\prims\jvm.cpp, line 1248]
Event: 3.175 Thread 0x0000000007e95800 Exception <a 'java/security/PrivilegedActionException'> (0x00000000eb97e620) thrown at [D:\re\workspace\8-2-build-windows-amd64-cygwin\jdk8u5\2488\hotspot\src\share\vm\prims\jvm.cpp, line 1248]
Event: 3.176 Thread 0x0000000007e95800 Exception <a 'java/security/PrivilegedActionException'> (0x00000000eb98a478) thrown at [D:\re\workspace\8-2-build-windows-amd64-cygwin\jdk8u5\2488\hotspot\src\share\vm\prims\jvm.cpp, line 1248]
Event: 3.177 Thread 0x0000000007e95800 Exception <a 'java/security/PrivilegedActionException'> (0x00000000eb98d248) thrown at [D:\re\workspace\8-2-build-windows-amd64-cygwin\jdk8u5\2488\hotspot\src\share\vm\prims\jvm.cpp, line 1248]
Event: 3.199 Thread 0x0000000007e95800 Exception <a 'java/security/PrivilegedActionException'> (0x00000000eba70600) thrown at [D:\re\workspace\8-2-build-windows-amd64-cygwin\jdk8u5\2488\hotspot\src\share\vm\prims\jvm.cpp, line 1248]
Event: 3.229 Thread 0x0000000007e95800 Exception <a 'java/security/PrivilegedActionException'> (0x00000000ebc78cf8) thrown at [D:\re\workspace\8-2-build-windows-amd64-cygwin\jdk8u5\2488\hotspot\src\share\vm\prims\jvm.cpp, line 1248]
Event: 3.229 Thread 0x0000000007e95800 Exception <a 'java/security/PrivilegedActionException'> (0x00000000ebc7e3c8) thrown at [D:\re\workspace\8-2-build-windows-amd64-cygwin\jdk8u5\2488\hotspot\src\share\vm\prims\jvm.cpp, line 1248]
Event: 3.237 Thread 0x0000000007e95800 Exception <a 'java/security/PrivilegedActionException'> (0x00000000ebc84060) thrown at [D:\re\workspace\8-2-build-windows-amd64-cygwin\jdk8u5\2488\hotspot\src\share\vm\prims\jvm.cpp, line 1248]
Event: 3.358 Thread 0x0000000007e95800 Exception <a 'java/security/PrivilegedActionException'> (0x00000000ebc8fa58) thrown at [D:\re\workspace\8-2-build-windows-amd64-cygwin\jdk8u5\2488\hotspot\src\share\vm\prims\jvm.cpp, line 1248]

Events (10 events):
Event: 3.358 loading class com/android/dx/dex/file/AnnotationItem$1
Event: 3.358 loading class com/android/dx/dex/file/AnnotationItem$1 done
Event: 3.362 loading class java/security/MessageDigest
Event: 3.362 loading class java/security/MessageDigestSpi
Event: 3.362 loading class java/security/MessageDigestSpi done
Event: 3.362 loading class java/security/MessageDigest done
Event: 3.365 loading class java/security/Security
Event: 3.365 loading class java/security/Security done
Event: 3.365 loading class java/security/Security$1
Event: 3.365 loading class java/security/Security$1 done


Dynamic libraries:
0x000000013f130000 - 0x000000013f164000 	C:\Program Files\Java\jdk1.8.0_05\bin\java.exe
0x00000000772b0000 - 0x000000007745a000 	C:\windows\SYSTEM32\ntdll.dll
0x0000000077090000 - 0x00000000771af000 	C:\windows\system32\kernel32.dll
0x000007fefd110000 - 0x000007fefd17a000 	C:\windows\system32\KERNELBASE.dll
0x0000000074d40000 - 0x0000000074dc7000 	C:\windows\System32\SYSFER.DLL
0x000007fefd3f0000 - 0x000007fefd4cb000 	C:\windows\system32\ADVAPI32.dll
0x000007fefd800000 - 0x000007fefd89f000 	C:\windows\system32\msvcrt.dll
0x000007fefda30000 - 0x000007fefda4f000 	C:\windows\SYSTEM32\sechost.dll
0x000007fefeb70000 - 0x000007fefec9d000 	C:\windows\system32\RPCRT4.dll
0x00000000771b0000 - 0x00000000772aa000 	C:\windows\system32\USER32.dll
0x000007fefeca0000 - 0x000007fefed07000 	C:\windows\system32\GDI32.dll
0x000007fefda20000 - 0x000007fefda2e000 	C:\windows\system32\LPK.dll
0x000007feff130000 - 0x000007feff1fa000 	C:\windows\system32\USP10.dll
0x000007fefc060000 - 0x000007fefc254000 	C:\windows\WinSxS\amd64_microsoft.windows.common-controls_6595b64144ccf1df_6.0.7601.18837_none_fa3b1e3d17594757\COMCTL32.dll
0x000007fefe7e0000 - 0x000007fefe851000 	C:\windows\system32\SHLWAPI.dll
0x000007fefd970000 - 0x000007fefd99e000 	C:\windows\system32\IMM32.DLL
0x000007feff200000 - 0x000007feff309000 	C:\windows\system32\MSCTF.dll
0x000007fefcf60000 - 0x000007fefcfa0000 	C:\windows\system32\nvinitx.dll
0x000000000f000000 - 0x000000000f006000 	C:\Program Files\NVIDIA Corporation\CoProcManager\_etoured.dll
0x000007fef9c20000 - 0x000007fef9c76000 	C:\Program Files\NVIDIA Corporation\CoProcManager\nvd3d9wrapx.dll
0x000007fefe940000 - 0x000007fefeb17000 	C:\windows\system32\SETUPAPI.dll
0x000007fefd3b0000 - 0x000007fefd3e6000 	C:\windows\system32\CFGMGR32.dll
0x000007fefe860000 - 0x000007fefe938000 	C:\windows\system32\OLEAUT32.dll
0x000007feff3b0000 - 0x000007feff5b3000 	C:\windows\system32\ole32.dll
0x000007fefd180000 - 0x000007fefd19a000 	C:\windows\system32\DEVOBJ.dll
0x000007fef9be0000 - 0x000007fef9c1d000 	C:\Program Files\NVIDIA Corporation\CoProcManager\nvdxgiwrapx.dll
0x0000000064ac0000 - 0x0000000064b92000 	C:\Program Files\Java\jdk1.8.0_05\jre\bin\msvcr100.dll
0x000000005b490000 - 0x000000005bcba000 	C:\Program Files\Java\jdk1.8.0_05\jre\bin\server\jvm.dll
0x000007fef5750000 - 0x000007fef5759000 	C:\windows\system32\WSOCK32.dll
0x000007fefeb20000 - 0x000007fefeb6d000 	C:\windows\system32\WS2_32.dll
0x000007fefd960000 - 0x000007fefd968000 	C:\windows\system32\NSI.dll
0x000007fefa300000 - 0x000007fefa33b000 	C:\windows\system32\WINMM.dll
0x0000000077470000 - 0x0000000077477000 	C:\windows\system32\PSAPI.DLL
0x0000000070350000 - 0x000000007035f000 	C:\Program Files\Java\jdk1.8.0_05\jre\bin\verify.dll
0x0000000067610000 - 0x0000000067638000 	C:\Program Files\Java\jdk1.8.0_05\jre\bin\java.dll
0x0000000067cd0000 - 0x0000000067ce6000 	C:\Program Files\Java\jdk1.8.0_05\jre\bin\zip.dll
0x000007fefda50000 - 0x000007fefe7da000 	C:\windows\system32\SHELL32.dll
0x000007fefd040000 - 0x000007fefd04f000 	C:\windows\system32\profapi.dll
0x000007fefa560000 - 0x000007fefa685000 	C:\windows\system32\dbghelp.dll

VM Arguments:
jvm_args: -Djava.awt.headless=true -Xmx1024M -Dfile.encoding=windows-1252 -Duser.country=US -Duser.language=en -Duser.variant 
java_command: com.android.dx.command.Main --dex --force-jumbo --num-threads=4 --multi-dex --output C:\Users\IBM_ADMIN\AndroidStudioProjects\GoodRx\GoodRx\app\build\intermediates\transforms\dex\debug\folders\1000\10\com.google.android.gms-play-services-basement-8.1.0_fafe12c3a6187b7750fe302f8c101c5752baca05 C:\Users\IBM_ADMIN\AndroidStudioProjects\GoodRx\GoodRx\app\build\intermediates\exploded-aar\com.google.android.gms\play-services-basement\8.1.0\jars\classes.jar
java_class_path (initial): C:\Users\IBM_ADMIN\AppData\Local\Android\sdk\build-tools\23.0.3\lib\dx.jar
Launcher Type: SUN_STANDARD

Environment Variables:
PATH=C:\ProgramData\Oracle\Java\javapath;C:\Perl64\site\bin;C:\Perl64\bin;C:\windows\SYSTEM32;C:\windows;C:\windows\SYSTEM32\WBEM;C:\windows\SYSTEM32\WINDOWSPOWERSHELL\V1.0\;C:\PROGRAM FILES\IBM\INFOPRINT SELECT;C:\PROGRAM FILES (X86)\IBM\PERSONAL COMMUNICATIONS\;C:\PROGRAM FILES (X86)\IBM\TRACE FACILITY\;C:\Program Files\ThinkPad\Bluetooth Software\;C:\Program Files\ThinkPad\Bluetooth Software\syswow64;C:\Program Files (x86)\Lenovo\Password Manager\;C:\Program Files\Intel\WiFi\bin\;C:\Program Files\Common Files\Intel\WirelessCommon\;C:\Dwimperl\perl\bin;C:\Dwimperl\perl\site\bin;C:\Dwimperl\c\bin;C:\Program Files (x86)\Git\cmd;C:\Program Files\nodejs\;C:\Windows\Microsoft.NET\Framework\v2.0.50727;C:\Users\IBM_ADMIN\node_modules\depdiff\bin;C:\Python27;C:\Program Files (x86)\Notepad++\notepad++.exe;C:\Program Files\Intel\WiFi\bin\;C:\Program Files\Common Files\Intel\WirelessCommon\;C:\Program Files\IBM\Java71\bin;C:\Program Files (x86)\GnuWin32\bin;C:\Program Files\nodejs\;C:\Windows\Microsoft.NET\Framework\v2.0.50727;C:\Users\IBM_ADMIN\node_modules\depdiff\bin;C:\Program Files\Apache Software Foundation\apache-maven-2.2.1\bin;C:\Users\IBM_ADMIN\AppData\Roaming\npm;C:\Python27;C:\Program Files (x86)\Notepad++\notepad++.exe
USERNAME=mkhan446
OS=Windows_NT
PROCESSOR_IDENTIFIER=Intel64 Family 6 Model 42 Stepping 7, GenuineIntel



---------------  S Y S T E M  ---------------

OS: Windows 7 , 64 bit Build 7601 Service Pack 1

CPU:total 8 (4 cores per cpu, 2 threads per core) family 6 model 42 stepping 7, cmov, cx8, fxsr, mmx, sse, sse2, sse3, ssse3, sse4.1, sse4.2, popcnt, avx, aes, clmul, ht, tsc, tscinvbit

Memory: 4k page, physical 10366192k(1695400k free), swap 10494988k(7704k free)

vm_info: Java HotSpot(TM) 64-Bit Server VM (25.5-b02) for windows-amd64 JRE (1.8.0_05-b13), built on Mar 18 2014 01:08:39 by "java_re" with MS VC++ 10.0 (VS2010)

time: Sun Apr 24 03:49:09 2016
elapsed time: 3 seconds

