#
# There is insufficient memory for the Java Runtime Environment to continue.
# Native memory allocation (malloc) failed to allocate 642896 bytes for Chunk::new
# Possible reasons:
#   The system is out of physical RAM or swap space
#   In 32 bit mode, the process size limit was hit
# Possible solutions:
#   Reduce memory load on the system
#   Increase physical memory or swap space
#   Check if swap backing store is full
#   Use 64 bit Java on a 64 bit OS
#   Decrease Java heap size (-Xmx/-Xms)
#   Decrease number of Java threads
#   Decrease Java thread stack sizes (-Xss)
#   Set larger code cache with -XX:ReservedCodeCacheSize=
# This output file may be truncated or incomplete.
#
#  Out of Memory Error (allocation.cpp:388), pid=6336, tid=9944
#
# JRE version: Java(TM) SE Runtime Environment (8.0_05-b13) (build 1.8.0_05-b13)
# Java VM: Java HotSpot(TM) 64-Bit Server VM (25.5-b02 mixed mode windows-amd64 compressed oops)
# Failed to write core dump. Minidumps are not enabled by default on client versions of Windows
#

---------------  T H R E A D  ---------------

Current thread (0x00000000079c5000):  JavaThread "C2 CompilerThread2" daemon [_thread_in_native, id=9944, stack(0x00000000096c0000,0x00000000097c0000)]

Stack: [0x00000000096c0000,0x00000000097c0000]
Native frames: (J=compiled Java code, j=interpreted, Vv=VM code, C=native code)
V  [jvm.dll+0x308dea]


Current CompileTask:
C2:   1630  902       4       com.android.dx.ssa.SCCP::simulatePhi (169 bytes)


---------------  P R O C E S S  ---------------

Java Threads: ( => current thread )
  0x0000000007c15000 JavaThread "pool-2-thread-4" [_thread_in_Java, id=8760, stack(0x000000000a050000,0x000000000a150000)]
  0x0000000007b81800 JavaThread "pool-2-thread-3" [_thread_blocked, id=3856, stack(0x0000000009ea0000,0x0000000009fa0000)]
  0x0000000007b7e800 JavaThread "pool-2-thread-2" [_thread_blocked, id=10200, stack(0x0000000009d50000,0x0000000009e50000)]
  0x0000000007b63800 JavaThread "pool-3-thread-1" [_thread_blocked, id=9556, stack(0x0000000008f20000,0x0000000009020000)]
  0x0000000007b40800 JavaThread "pool-2-thread-1" [_thread_blocked, id=5832, stack(0x0000000009ba0000,0x0000000009ca0000)]
  0x0000000007a57000 JavaThread "Service Thread" daemon [_thread_blocked, id=8604, stack(0x00000000095c0000,0x00000000096c0000)]
  0x00000000079dd800 JavaThread "C1 CompilerThread3" daemon [_thread_blocked, id=9892, stack(0x0000000009820000,0x0000000009920000)]
=>0x00000000079c5000 JavaThread "C2 CompilerThread2" daemon [_thread_in_native, id=9944, stack(0x00000000096c0000,0x00000000097c0000)]
  0x00000000079b8800 JavaThread "C2 CompilerThread1" daemon [_thread_blocked, id=10196, stack(0x0000000009490000,0x0000000009590000)]
  0x00000000079b0800 JavaThread "C2 CompilerThread0" daemon [_thread_blocked, id=8416, stack(0x0000000009280000,0x0000000009380000)]
  0x00000000079ad000 JavaThread "Attach Listener" daemon [_thread_blocked, id=8452, stack(0x0000000009040000,0x0000000009140000)]
  0x00000000079aa800 JavaThread "Signal Dispatcher" daemon [_thread_blocked, id=4376, stack(0x0000000008c70000,0x0000000008d70000)]
  0x000000000254e000 JavaThread "Finalizer" daemon [_thread_blocked, id=992, stack(0x0000000008e10000,0x0000000008f10000)]
  0x0000000006a04800 JavaThread "Reference Handler" daemon [_thread_blocked, id=10220, stack(0x0000000008b20000,0x0000000008c20000)]
  0x00000000024b8000 JavaThread "main" [_thread_in_native, id=5528, stack(0x00000000026a0000,0x00000000027a0000)]

Other Threads:
  0x00000000069ff800 VMThread [stack: 0x00000000089a0000,0x0000000008aa0000] [id=4752]
  0x0000000007a5e000 WatcherThread [stack: 0x00000000099e0000,0x0000000009ae0000] [id=6948]

VM state:not at safepoint (normal execution)

VM Mutex/Monitor currently owned by a thread: None

Heap:
 PSYoungGen      total 9728K, used 3316K [0x00000000eab00000, 0x00000000eb800000, 0x0000000100000000)
  eden space 7680K, 17% used [0x00000000eab00000,0x00000000eac4d2b0,0x00000000eb280000)
  from space 2048K, 96% used [0x00000000eb500000,0x00000000eb6f0018,0x00000000eb700000)
  to   space 2560K, 0% used [0x00000000eb280000,0x00000000eb280000,0x00000000eb500000)
 ParOldGen       total 162304K, used 1912K [0x00000000c0000000, 0x00000000c9e80000, 0x00000000eab00000)
  object space 162304K, 1% used [0x00000000c0000000,0x00000000c01de1e0,0x00000000c9e80000)
 Metaspace       used 5512K, capacity 6640K, committed 6784K, reserved 1056768K
  class space    used 586K, capacity 616K, committed 640K, reserved 1048576K

Card table byte_map: [0x0000000002e30000,0x0000000003040000] byte_map_base: 0x0000000002830000

Marking Bits: (ParMarkBitMap*) 0x000000005bc413b0
 Begin Bits: [0x0000000003e20000, 0x0000000004e20000)
 End Bits:   [0x0000000004e20000, 0x0000000005e20000)

Polling page: 0x0000000000140000

CodeCache: size=245760Kb used=3447Kb max_used=3460Kb free=242312Kb
 bounds [0x000000000f010000, 0x000000000f380000, 0x000000001e010000]
 total_blobs=1142 nmethods=878 adapters=178
 compilation: enabled

Compilation events (10 events):
Event: 1.583 Thread 0x00000000079dd800 nmethod 894 0x000000000f365a90 code [0x000000000f365be0, 0x000000000f365d30]
Event: 1.583 Thread 0x00000000079dd800  896       3       com.android.dx.ssa.SsaMethod$2::visitPhiInsn (6 bytes)
Event: 1.583 Thread 0x00000000079dd800 nmethod 896 0x000000000f365710 code [0x000000000f365880, 0x000000000f365a08]
Event: 1.583 Thread 0x00000000079dd800  891       3       com.android.dx.ssa.SsaInsn::isNormalMoveInsn (2 bytes)
Event: 1.583 Thread 0x00000000079dd800 nmethod 891 0x000000000f365350 code [0x000000000f3654a0, 0x000000000f3655f0]
Event: 1.583 Thread 0x00000000079dd800  900       3       com.android.dx.ssa.SsaMethod$1::visitPhiInsn (17 bytes)
Event: 1.583 Thread 0x00000000079dd800 nmethod 900 0x000000000f36b790 code [0x000000000f36b900, 0x000000000f36bc70]
Event: 1.590 Thread 0x00000000079dd800  903       3       java.lang.Thread::interrupted (8 bytes)
Event: 1.590 Thread 0x00000000079dd800 nmethod 903 0x000000000f36b050 code [0x000000000f36b1c0, 0x000000000f36b348]
Event: 1.596 Thread 0x00000000079b8800 nmethod 897 0x000000000f372ad0 code [0x000000000f372c80, 0x000000000f373668]

GC Heap History (10 events):
Event: 0.438 GC heap before
{Heap before GC invocations=4 (full 0):
 PSYoungGen      total 1536K, used 1501K [0x00000000eab00000, 0x00000000eae00000, 0x0000000100000000)
  eden space 1024K, 99% used [0x00000000eab00000,0x00000000eabff460,0x00000000eac00000)
  from space 512K, 93% used [0x00000000eac00000,0x00000000eac78020,0x00000000eac80000)
  to   space 512K, 0% used [0x00000000ead80000,0x00000000ead80000,0x00000000eae00000)
 ParOldGen       total 162304K, used 419K [0x00000000c0000000, 0x00000000c9e80000, 0x00000000eab00000)
  object space 162304K, 0% used [0x00000000c0000000,0x00000000c0068cf8,0x00000000c9e80000)
 Metaspace       used 3734K, capacity 5008K, committed 5120K, reserved 1056768K
  class space    used 419K, capacity 456K, committed 512K, reserved 1048576K
Event: 0.460 GC heap after
Heap after GC invocations=4 (full 0):
 PSYoungGen      total 2560K, used 512K [0x00000000eab00000, 0x00000000eae00000, 0x0000000100000000)
  eden space 2048K, 0% used [0x00000000eab00000,0x00000000eab00000,0x00000000ead00000)
  from space 512K, 100% used [0x00000000ead80000,0x00000000eae00000,0x00000000eae00000)
  to   space 512K, 0% used [0x00000000ead00000,0x00000000ead00000,0x00000000ead80000)
 ParOldGen       total 162304K, used 599K [0x00000000c0000000, 0x00000000c9e80000, 0x00000000eab00000)
  object space 162304K, 0% used [0x00000000c0000000,0x00000000c0095c80,0x00000000c9e80000)
 Metaspace       used 3734K, capacity 5008K, committed 5120K, reserved 1056768K
  class space    used 419K, capacity 456K, committed 512K, reserved 1048576K
}
Event: 0.555 GC heap before
{Heap before GC invocations=5 (full 0):
 PSYoungGen      total 2560K, used 2560K [0x00000000eab00000, 0x00000000eae00000, 0x0000000100000000)
  eden space 2048K, 100% used [0x00000000eab00000,0x00000000ead00000,0x00000000ead00000)
  from space 512K, 100% used [0x00000000ead80000,0x00000000eae00000,0x00000000eae00000)
  to   space 512K, 0% used [0x00000000ead00000,0x00000000ead00000,0x00000000ead80000)
 ParOldGen       total 162304K, used 599K [0x00000000c0000000, 0x00000000c9e80000, 0x00000000eab00000)
  object space 162304K, 0% used [0x00000000c0000000,0x00000000c0095c80,0x00000000c9e80000)
 Metaspace       used 4265K, capacity 5520K, committed 5760K, reserved 1056768K
  class space    used 482K, capacity 520K, committed 640K, reserved 1048576K
Event: 0.656 GC heap after
Heap after GC invocations=5 (full 0):
 PSYoungGen      total 2560K, used 480K [0x00000000eab00000, 0x00000000eb200000, 0x0000000100000000)
  eden space 2048K, 0% used [0x00000000eab00000,0x00000000eab00000,0x00000000ead00000)
  from space 512K, 93% used [0x00000000ead00000,0x00000000ead78020,0x00000000ead80000)
  to   space 1536K, 0% used [0x00000000eb080000,0x00000000eb080000,0x00000000eb200000)
 ParOldGen       total 162304K, used 1283K [0x00000000c0000000, 0x00000000c9e80000, 0x00000000eab00000)
  object space 162304K, 0% used [0x00000000c0000000,0x00000000c0140db8,0x00000000c9e80000)
 Metaspace       used 4265K, capacity 5520K, committed 5760K, reserved 1056768K
  class space    used 482K, capacity 520K, committed 640K, reserved 1048576K
}
Event: 0.811 GC heap before
{Heap before GC invocations=6 (full 0):
 PSYoungGen      total 2560K, used 2528K [0x00000000eab00000, 0x00000000eb200000, 0x0000000100000000)
  eden space 2048K, 100% used [0x00000000eab00000,0x00000000ead00000,0x00000000ead00000)
  from space 512K, 93% used [0x00000000ead00000,0x00000000ead78020,0x00000000ead80000)
  to   space 1536K, 0% used [0x00000000eb080000,0x00000000eb080000,0x00000000eb200000)
 ParOldGen       total 162304K, used 1283K [0x00000000c0000000, 0x00000000c9e80000, 0x00000000eab00000)
  object space 162304K, 0% used [0x00000000c0000000,0x00000000c0140db8,0x00000000c9e80000)
 Metaspace       used 4828K, capacity 6032K, committed 6272K, reserved 1056768K
  class space    used 540K, capacity 584K, committed 640K, reserved 1048576K
Event: 0.813 GC heap after
Heap after GC invocations=6 (full 0):
 PSYoungGen      total 5632K, used 1264K [0x00000000eab00000, 0x00000000eb200000, 0x0000000100000000)
  eden space 4096K, 0% used [0x00000000eab00000,0x00000000eab00000,0x00000000eaf00000)
  from space 1536K, 82% used [0x00000000eb080000,0x00000000eb1bc300,0x00000000eb200000)
  to   space 1536K, 0% used [0x00000000eaf00000,0x00000000eaf00000,0x00000000eb080000)
 ParOldGen       total 162304K, used 1291K [0x00000000c0000000, 0x00000000c9e80000, 0x00000000eab00000)
  object space 162304K, 0% used [0x00000000c0000000,0x00000000c0142db8,0x00000000c9e80000)
 Metaspace       used 4828K, capacity 6032K, committed 6272K, reserved 1056768K
  class space    used 540K, capacity 584K, committed 640K, reserved 1048576K
}
Event: 1.112 GC heap before
{Heap before GC invocations=7 (full 0):
 PSYoungGen      total 5632K, used 5360K [0x00000000eab00000, 0x00000000eb200000, 0x0000000100000000)
  eden space 4096K, 100% used [0x00000000eab00000,0x00000000eaf00000,0x00000000eaf00000)
  from space 1536K, 82% used [0x00000000eb080000,0x00000000eb1bc300,0x00000000eb200000)
  to   space 1536K, 0% used [0x00000000eaf00000,0x00000000eaf00000,0x00000000eb080000)
 ParOldGen       total 162304K, used 1291K [0x00000000c0000000, 0x00000000c9e80000, 0x00000000eab00000)
  object space 162304K, 0% used [0x00000000c0000000,0x00000000c0142db8,0x00000000c9e80000)
 Metaspace       used 5402K, capacity 6576K, committed 6784K, reserved 1056768K
  class space    used 584K, capacity 616K, committed 640K, reserved 1048576K
Event: 1.126 GC heap after
Heap after GC invocations=7 (full 0):
 PSYoungGen      total 5632K, used 1504K [0x00000000eab00000, 0x00000000eb700000, 0x0000000100000000)
  eden space 4096K, 0% used [0x00000000eab00000,0x00000000eab00000,0x00000000eaf00000)
  from space 1536K, 97% used [0x00000000eaf00000,0x00000000eb078018,0x00000000eb080000)
  to   space 2048K, 0% used [0x00000000eb500000,0x00000000eb500000,0x00000000eb700000)
 ParOldGen       total 162304K, used 1808K [0x00000000c0000000, 0x00000000c9e80000, 0x00000000eab00000)
  object space 162304K, 1% used [0x00000000c0000000,0x00000000c01c41c0,0x00000000c9e80000)
 Metaspace       used 5402K, capacity 6576K, committed 6784K, reserved 1056768K
  class space    used 584K, capacity 616K, committed 640K, reserved 1048576K
}
Event: 1.401 GC heap before
{Heap before GC invocations=8 (full 0):
 PSYoungGen      total 5632K, used 5600K [0x00000000eab00000, 0x00000000eb700000, 0x0000000100000000)
  eden space 4096K, 100% used [0x00000000eab00000,0x00000000eaf00000,0x00000000eaf00000)
  from space 1536K, 97% used [0x00000000eaf00000,0x00000000eb078018,0x00000000eb080000)
  to   space 2048K, 0% used [0x00000000eb500000,0x00000000eb500000,0x00000000eb700000)
 ParOldGen       total 162304K, used 1808K [0x00000000c0000000, 0x00000000c9e80000, 0x00000000eab00000)
  object space 162304K, 1% used [0x00000000c0000000,0x00000000c01c41c0,0x00000000c9e80000)
 Metaspace       used 5495K, capacity 6640K, committed 6784K, reserved 1056768K
  class space    used 586K, capacity 616K, committed 640K, reserved 1048576K
Event: 1.456 GC heap after
Heap after GC invocations=8 (full 0):
 PSYoungGen      total 9728K, used 1984K [0x00000000eab00000, 0x00000000eb800000, 0x0000000100000000)
  eden space 7680K, 0% used [0x00000000eab00000,0x00000000eab00000,0x00000000eb280000)
  from space 2048K, 96% used [0x00000000eb500000,0x00000000eb6f0018,0x00000000eb700000)
  to   space 2560K, 0% used [0x00000000eb280000,0x00000000eb280000,0x00000000eb500000)
 ParOldGen       total 162304K, used 1912K [0x00000000c0000000, 0x00000000c9e80000, 0x00000000eab00000)
  object space 162304K, 1% used [0x00000000c0000000,0x00000000c01de1e0,0x00000000c9e80000)
 Metaspace       used 5495K, capacity 6640K, committed 6784K, reserved 1056768K
  class space    used 586K, capacity 616K, committed 640K, reserved 1048576K
}

Deoptimization events (5 events):
Event: 1.175 Thread 0x0000000007b7e800 Uncommon trap: reason=null_check action=make_not_entrant pc=0x000000000f29ac70 method=com.android.dx.ssa.SsaRenamer.getLocalForNewReg(I)Lcom/android/dx/rop/code/LocalItem; @ 19
Event: 1.200 Thread 0x0000000007b7e800 Uncommon trap: reason=class_check action=maybe_recompile pc=0x000000000f275d44 method=java.util.Collections$UnmodifiableCollection$1.hasNext()Z @ 4
Event: 1.200 Thread 0x0000000007b7e800 Uncommon trap: reason=class_check action=maybe_recompile pc=0x000000000f275d44 method=java.util.Collections$UnmodifiableCollection$1.hasNext()Z @ 4
Event: 1.200 Thread 0x0000000007b7e800 Uncommon trap: reason=class_check action=maybe_recompile pc=0x000000000f275d44 method=java.util.Collections$UnmodifiableCollection$1.hasNext()Z @ 4
Event: 1.200 Thread 0x0000000007b7e800 Uncommon trap: reason=class_check action=maybe_recompile pc=0x000000000f275d44 method=java.util.Collections$UnmodifiableCollection$1.hasNext()Z @ 4

Internal exceptions (10 events):
Event: 0.970 Thread 0x0000000007c15000 Exception <a 'java/security/PrivilegedActionException'> (0x00000000eacad8d8) thrown at [D:\re\workspace\8-2-build-windows-amd64-cygwin\jdk8u5\2488\hotspot\src\share\vm\prims\jvm.cpp, line 1248]
Event: 0.973 Thread 0x0000000007c15000 Exception <a 'java/security/PrivilegedActionException'> (0x00000000eacb2e90) thrown at [D:\re\workspace\8-2-build-windows-amd64-cygwin\jdk8u5\2488\hotspot\src\share\vm\prims\jvm.cpp, line 1248]
Event: 0.974 Thread 0x0000000007c15000 Exception <a 'java/security/PrivilegedActionException'> (0x00000000eacb73d8) thrown at [D:\re\workspace\8-2-build-windows-amd64-cygwin\jdk8u5\2488\hotspot\src\share\vm\prims\jvm.cpp, line 1248]
Event: 0.981 Thread 0x0000000007c15000 Exception <a 'java/security/PrivilegedActionException'> (0x00000000eacc4720) thrown at [D:\re\workspace\8-2-build-windows-amd64-cygwin\jdk8u5\2488\hotspot\src\share\vm\prims\jvm.cpp, line 1248]
Event: 0.982 Thread 0x0000000007c15000 Exception <a 'java/security/PrivilegedActionException'> (0x00000000eacca9b0) thrown at [D:\re\workspace\8-2-build-windows-amd64-cygwin\jdk8u5\2488\hotspot\src\share\vm\prims\jvm.cpp, line 1248]
Event: 0.983 Thread 0x0000000007c15000 Exception <a 'java/security/PrivilegedActionException'> (0x00000000eaccf460) thrown at [D:\re\workspace\8-2-build-windows-amd64-cygwin\jdk8u5\2488\hotspot\src\share\vm\prims\jvm.cpp, line 1248]
Event: 1.001 Thread 0x0000000007c15000 Exception <a 'java/security/PrivilegedActionException'> (0x00000000ead10308) thrown at [D:\re\workspace\8-2-build-windows-amd64-cygwin\jdk8u5\2488\hotspot\src\share\vm\prims\jvm.cpp, line 1248]
Event: 1.017 Thread 0x0000000007c15000 Exception <a 'java/security/PrivilegedActionException'> (0x00000000ead1f608) thrown at [D:\re\workspace\8-2-build-windows-amd64-cygwin\jdk8u5\2488\hotspot\src\share\vm\prims\jvm.cpp, line 1248]
Event: 1.175 Thread 0x0000000007b7e800 Implicit null exception at 0x000000000f29892c to 0x000000000f29ac4d
Event: 1.204 Thread 0x0000000007b7e800 Exception <a 'java/security/PrivilegedActionException'> (0x00000000ead0dba0) thrown at [D:\re\workspace\8-2-build-windows-amd64-cygwin\jdk8u5\2488\hotspot\src\share\vm\prims\jvm.cpp, line 1248]

Events (10 events):
Event: 1.200 Thread 0x0000000007b7e800 Uncommon trap: trap_request=0xffffffde fr.pc=0x000000000f275d44
Event: 1.200 Thread 0x0000000007b7e800 DEOPT PACKING pc=0x000000000f275d44 sp=0x0000000009e4e9f0
Event: 1.200 Thread 0x0000000007b7e800 DEOPT UNPACKING pc=0x000000000f0555af sp=0x0000000009e4e988 mode 2
Event: 1.200 Thread 0x0000000007b7e800 Uncommon trap: trap_request=0xffffffde fr.pc=0x000000000f275d44
Event: 1.200 Thread 0x0000000007b7e800 DEOPT PACKING pc=0x000000000f275d44 sp=0x0000000009e4eb50
Event: 1.200 Thread 0x0000000007b7e800 DEOPT UNPACKING pc=0x000000000f0555af sp=0x0000000009e4eae8 mode 2
Event: 1.204 loading class com/android/dx/cf/code/SwitchList
Event: 1.204 loading class com/android/dx/cf/code/SwitchList done
Event: 1.331 Executing VM operation: ParallelGCFailedAllocation
Event: 1.456 Executing VM operation: ParallelGCFailedAllocation done


Dynamic libraries:
0x000000013f130000 - 0x000000013f164000 	C:\Program Files\Java\jdk1.8.0_05\bin\java.exe
0x00000000772b0000 - 0x000000007745a000 	C:\windows\SYSTEM32\ntdll.dll
0x0000000077090000 - 0x00000000771af000 	C:\windows\system32\kernel32.dll
0x000007fefd110000 - 0x000007fefd17a000 	C:\windows\system32\KERNELBASE.dll
0x0000000074d40000 - 0x0000000074dc7000 	C:\windows\System32\SYSFER.DLL
0x000007fefd3f0000 - 0x000007fefd4cb000 	C:\windows\system32\ADVAPI32.dll
0x000007fefd800000 - 0x000007fefd89f000 	C:\windows\system32\msvcrt.dll
0x000007fefda30000 - 0x000007fefda4f000 	C:\windows\SYSTEM32\sechost.dll
0x000007fefeb70000 - 0x000007fefec9d000 	C:\windows\system32\RPCRT4.dll
0x00000000771b0000 - 0x00000000772aa000 	C:\windows\system32\USER32.dll
0x000007fefeca0000 - 0x000007fefed07000 	C:\windows\system32\GDI32.dll
0x000007fefda20000 - 0x000007fefda2e000 	C:\windows\system32\LPK.dll
0x000007feff130000 - 0x000007feff1fa000 	C:\windows\system32\USP10.dll
0x000007fefc060000 - 0x000007fefc254000 	C:\windows\WinSxS\amd64_microsoft.windows.common-controls_6595b64144ccf1df_6.0.7601.18837_none_fa3b1e3d17594757\COMCTL32.dll
0x000007fefe7e0000 - 0x000007fefe851000 	C:\windows\system32\SHLWAPI.dll
0x000007fefd970000 - 0x000007fefd99e000 	C:\windows\system32\IMM32.DLL
0x000007feff200000 - 0x000007feff309000 	C:\windows\system32\MSCTF.dll
0x000007fefcf60000 - 0x000007fefcfa0000 	C:\windows\system32\nvinitx.dll
0x000000000f000000 - 0x000000000f006000 	C:\Program Files\NVIDIA Corporation\CoProcManager\_etoured.dll
0x000007fef9c20000 - 0x000007fef9c76000 	C:\Program Files\NVIDIA Corporation\CoProcManager\nvd3d9wrapx.dll
0x000007fefe940000 - 0x000007fefeb17000 	C:\windows\system32\SETUPAPI.dll
0x000007fefd3b0000 - 0x000007fefd3e6000 	C:\windows\system32\CFGMGR32.dll
0x000007fefe860000 - 0x000007fefe938000 	C:\windows\system32\OLEAUT32.dll
0x000007feff3b0000 - 0x000007feff5b3000 	C:\windows\system32\ole32.dll
0x000007fefd180000 - 0x000007fefd19a000 	C:\windows\system32\DEVOBJ.dll
0x000007fef9be0000 - 0x000007fef9c1d000 	C:\Program Files\NVIDIA Corporation\CoProcManager\nvdxgiwrapx.dll
0x0000000064ac0000 - 0x0000000064b92000 	C:\Program Files\Java\jdk1.8.0_05\jre\bin\msvcr100.dll
0x000000005b490000 - 0x000000005bcba000 	C:\Program Files\Java\jdk1.8.0_05\jre\bin\server\jvm.dll
0x000007fef5750000 - 0x000007fef5759000 	C:\windows\system32\WSOCK32.dll
0x000007fefeb20000 - 0x000007fefeb6d000 	C:\windows\system32\WS2_32.dll
0x000007fefd960000 - 0x000007fefd968000 	C:\windows\system32\NSI.dll
0x000007fefa300000 - 0x000007fefa33b000 	C:\windows\system32\WINMM.dll
0x0000000077470000 - 0x0000000077477000 	C:\windows\system32\PSAPI.DLL
0x0000000070350000 - 0x000000007035f000 	C:\Program Files\Java\jdk1.8.0_05\jre\bin\verify.dll
0x0000000067610000 - 0x0000000067638000 	C:\Program Files\Java\jdk1.8.0_05\jre\bin\java.dll
0x0000000067cd0000 - 0x0000000067ce6000 	C:\Program Files\Java\jdk1.8.0_05\jre\bin\zip.dll
0x000007fefda50000 - 0x000007fefe7da000 	C:\windows\system32\SHELL32.dll
0x000007fefd040000 - 0x000007fefd04f000 	C:\windows\system32\profapi.dll

VM Arguments:
jvm_args: -Djava.awt.headless=true -Xmx1024M -Dfile.encoding=windows-1252 -Duser.country=US -Duser.language=en -Duser.variant 
java_command: com.android.dx.command.Main --dex --force-jumbo --num-threads=4 --multi-dex --output C:\Users\IBM_ADMIN\AndroidStudioProjects\GoodRx\GoodRx\app\build\intermediates\transforms\dex\debug\folders\1000\5\slice_4 C:\Users\IBM_ADMIN\AndroidStudioProjects\GoodRx\GoodRx\app\build\intermediates\transforms\instantRunSlicer\debug\folders\1\5\slice_4
java_class_path (initial): C:\Users\IBM_ADMIN\AppData\Local\Android\sdk\build-tools\23.0.3\lib\dx.jar
Launcher Type: SUN_STANDARD

Environment Variables:
PATH=C:\ProgramData\Oracle\Java\javapath;C:\Perl64\site\bin;C:\Perl64\bin;C:\windows\SYSTEM32;C:\windows;C:\windows\SYSTEM32\WBEM;C:\windows\SYSTEM32\WINDOWSPOWERSHELL\V1.0\;C:\PROGRAM FILES\IBM\INFOPRINT SELECT;C:\PROGRAM FILES (X86)\IBM\PERSONAL COMMUNICATIONS\;C:\PROGRAM FILES (X86)\IBM\TRACE FACILITY\;C:\Program Files\ThinkPad\Bluetooth Software\;C:\Program Files\ThinkPad\Bluetooth Software\syswow64;C:\Program Files (x86)\Lenovo\Password Manager\;C:\Program Files\Intel\WiFi\bin\;C:\Program Files\Common Files\Intel\WirelessCommon\;C:\Dwimperl\perl\bin;C:\Dwimperl\perl\site\bin;C:\Dwimperl\c\bin;C:\Program Files (x86)\Git\cmd;C:\Program Files\nodejs\;C:\Windows\Microsoft.NET\Framework\v2.0.50727;C:\Users\IBM_ADMIN\node_modules\depdiff\bin;C:\Python27;C:\Program Files (x86)\Notepad++\notepad++.exe;C:\Program Files\Intel\WiFi\bin\;C:\Program Files\Common Files\Intel\WirelessCommon\;C:\Program Files\IBM\Java71\bin;C:\Program Files (x86)\GnuWin32\bin;C:\Program Files\nodejs\;C:\Windows\Microsoft.NET\Framework\v2.0.50727;C:\Users\IBM_ADMIN\node_modules\depdiff\bin;C:\Program Files\Apache Software Foundation\apache-maven-2.2.1\bin;C:\Users\IBM_ADMIN\AppData\Roaming\npm;C:\Python27;C:\Program Files (x86)\Notepad++\notepad++.exe
USERNAME=mkhan446
OS=Windows_NT
PROCESSOR_IDENTIFIER=Intel64 Family 6 Model 42 Stepping 7, GenuineIntel



---------------  S Y S T E M  ---------------

OS: Windows 7 , 64 bit Build 7601 Service Pack 1

CPU:total 8 (4 cores per cpu, 2 threads per core) family 6 model 42 stepping 7, cmov, cx8, fxsr, mmx, sse, sse2, sse3, ssse3, sse4.1, sse4.2, popcnt, avx, aes, clmul, ht, tsc, tscinvbit

Memory: 4k page, physical 10366192k(1696496k free), swap 10494988k(5048k free)

vm_info: Java HotSpot(TM) 64-Bit Server VM (25.5-b02) for windows-amd64 JRE (1.8.0_05-b13), built on Mar 18 2014 01:08:39 by "java_re" with MS VC++ 10.0 (VS2010)

time: Sun Apr 24 03:52:42 2016
elapsed time: 1 seconds

