#
# There is insufficient memory for the Java Runtime Environment to continue.
# Native memory allocation (malloc) failed to allocate 782256 bytes for Chunk::new
# Possible reasons:
#   The system is out of physical RAM or swap space
#   In 32 bit mode, the process size limit was hit
# Possible solutions:
#   Reduce memory load on the system
#   Increase physical memory or swap space
#   Check if swap backing store is full
#   Use 64 bit Java on a 64 bit OS
#   Decrease Java heap size (-Xmx/-Xms)
#   Decrease number of Java threads
#   Decrease Java thread stack sizes (-Xss)
#   Set larger code cache with -XX:ReservedCodeCacheSize=
# This output file may be truncated or incomplete.
#
#  Out of Memory Error (allocation.cpp:388), pid=2776, tid=8624
#
# JRE version: Java(TM) SE Runtime Environment (8.0_05-b13) (build 1.8.0_05-b13)
# Java VM: Java HotSpot(TM) 64-Bit Server VM (25.5-b02 mixed mode windows-amd64 compressed oops)
# Failed to write core dump. Minidumps are not enabled by default on client versions of Windows
#

---------------  T H R E A D  ---------------

Current thread (0x0000000007935800):  JavaThread "C2 CompilerThread2" daemon [_thread_in_native, id=8624, stack(0x0000000009270000,0x0000000009370000)]

Stack: [0x0000000009270000,0x0000000009370000]
Native frames: (J=compiled Java code, j=interpreted, Vv=VM code, C=native code)
V  [jvm.dll+0x308dea]


Current CompileTask:
C2:   4439 1901       4       com.android.dx.ssa.SCCP::simulateBranch (666 bytes)


---------------  P R O C E S S  ---------------

Java Threads: ( => current thread )
  0x0000000007b9a800 JavaThread "pool-2-thread-4" [_thread_in_Java, id=4360, stack(0x000000000aa90000,0x000000000ab90000)]
  0x0000000007c3d000 JavaThread "pool-2-thread-3" [_thread_in_Java, id=9648, stack(0x000000000a8a0000,0x000000000a9a0000)]
  0x0000000007c3c000 JavaThread "pool-2-thread-2" [_thread_blocked, id=5136, stack(0x000000000a6c0000,0x000000000a7c0000)]
  0x0000000009b30800 JavaThread "pool-3-thread-1" [_thread_blocked, id=7824, stack(0x000000000a4f0000,0x000000000a5f0000)]
  0x0000000009b2e800 JavaThread "pool-2-thread-1" [_thread_in_Java, id=8372, stack(0x000000000a340000,0x000000000a440000)]
  0x0000000007997000 JavaThread "Service Thread" daemon [_thread_blocked, id=7544, stack(0x00000000096b0000,0x00000000097b0000)]
  0x0000000007950000 JavaThread "C1 CompilerThread3" daemon [_thread_blocked, id=9348, stack(0x00000000094e0000,0x00000000095e0000)]
=>0x0000000007935800 JavaThread "C2 CompilerThread2" daemon [_thread_in_native, id=8624, stack(0x0000000009270000,0x0000000009370000)]
  0x000000000695e000 JavaThread "C2 CompilerThread1" daemon [_thread_in_native, id=6508, stack(0x00000000093b0000,0x00000000094b0000)]
  0x00000000078f9000 JavaThread "C2 CompilerThread0" daemon [_thread_in_native, id=6992, stack(0x0000000009150000,0x0000000009250000)]
  0x00000000078f6000 JavaThread "Attach Listener" daemon [_thread_blocked, id=9432, stack(0x0000000008c50000,0x0000000008d50000)]
  0x00000000078f4000 JavaThread "Signal Dispatcher" daemon [_thread_blocked, id=5260, stack(0x0000000008f40000,0x0000000009040000)]
  0x000000000694b000 JavaThread "Finalizer" daemon [_thread_blocked, id=9452, stack(0x0000000008d60000,0x0000000008e60000)]
  0x000000000253f000 JavaThread "Reference Handler" daemon [_thread_blocked, id=7356, stack(0x0000000008b00000,0x0000000008c00000)]
  0x00000000024a8000 JavaThread "main" [_thread_blocked, id=5628, stack(0x0000000002720000,0x0000000002820000)]

Other Threads:
  0x000000000253c000 VMThread [stack: 0x0000000008900000,0x0000000008a00000] [id=7232]
  0x000000000799a000 WatcherThread [stack: 0x0000000009920000,0x0000000009a20000] [id=7080]

VM state:not at safepoint (normal execution)

VM Mutex/Monitor currently owned by a thread: None

Heap:
 PSYoungGen      total 68096K, used 18813K [0x00000000eab00000, 0x00000000ef800000, 0x0000000100000000)
  eden space 57856K, 16% used [0x00000000eab00000,0x00000000eb46f768,0x00000000ee380000)
  from space 10240K, 89% used [0x00000000ee380000,0x00000000eec70000,0x00000000eed80000)
  to   space 9728K, 0% used [0x00000000eed80000,0x00000000eed80000,0x00000000ef700000)
 ParOldGen       total 162304K, used 40399K [0x00000000c0000000, 0x00000000c9e80000, 0x00000000eab00000)
  object space 162304K, 24% used [0x00000000c0000000,0x00000000c2773cc8,0x00000000c9e80000)
 Metaspace       used 6138K, capacity 7064K, committed 7424K, reserved 1056768K
  class space    used 613K, capacity 656K, committed 768K, reserved 1048576K

Card table byte_map: [0x0000000002eb0000,0x00000000030c0000] byte_map_base: 0x00000000028b0000

Marking Bits: (ParMarkBitMap*) 0x000000005bc413b0
 Begin Bits: [0x0000000003d60000, 0x0000000004d60000)
 End Bits:   [0x0000000004d60000, 0x0000000005d60000)

Polling page: 0x0000000000260000

CodeCache: size=245760Kb used=8100Kb max_used=8100Kb free=237659Kb
 bounds [0x000000000f010000, 0x000000000f800000, 0x000000001e010000]
 total_blobs=2283 nmethods=2017 adapters=178
 compilation: enabled

Compilation events (10 events):
Event: 4.390 Thread 0x0000000007950000 nmethod 2087 0x000000000f7f4350 code [0x000000000f7f44a0, 0x000000000f7f4630]
Event: 4.391 Thread 0x0000000007950000 2088       3       java.lang.String::lastIndexOf (151 bytes)
Event: 4.392 Thread 0x0000000007950000 nmethod 2088 0x000000000f7f46d0 code [0x000000000f7f4880, 0x000000000f7f4dd0]
Event: 4.423 Thread 0x0000000007950000 2089       2       com.android.dx.ssa.SsaInsn::mapRegisters (35 bytes)
Event: 4.423 Thread 0x0000000007950000 nmethod 2089 0x000000000f7f5250 code [0x000000000f7f53e0, 0x000000000f7f5608]
Event: 4.424 Thread 0x0000000007950000 2090       1       java.lang.ref.Finalizer::access$000 (4 bytes)
Event: 4.424 Thread 0x0000000007950000 nmethod 2090 0x000000000f7f5750 code [0x000000000f7f58a0, 0x000000000f7f5990]
Event: 4.427 Thread 0x0000000007950000 2092       2       com.android.dx.rop.code.SwitchInsn::withNewRegisters (22 bytes)
Event: 4.427 Thread 0x0000000007950000 nmethod 2092 0x000000000f7f59d0 code [0x000000000f7f5b40, 0x000000000f7f5d28]
Event: 4.428 Thread 0x0000000007950000 2093       2       com.android.dx.cf.direct.DirectClassFile::parse0 (901 bytes)

GC Heap History (10 events):
Event: 3.651 GC heap before
{Heap before GC invocations=21 (full 0):
 PSYoungGen      total 34816K, used 32544K [0x00000000eab00000, 0x00000000ed200000, 0x0000000100000000)
  eden space 29696K, 100% used [0x00000000eab00000,0x00000000ec800000,0x00000000ec800000)
  from space 5120K, 55% used [0x00000000ecd00000,0x00000000ecfc8010,0x00000000ed200000)
  to   space 5120K, 0% used [0x00000000ec800000,0x00000000ec800000,0x00000000ecd00000)
 ParOldGen       total 162304K, used 15289K [0x00000000c0000000, 0x00000000c9e80000, 0x00000000eab00000)
  object space 162304K, 9% used [0x00000000c0000000,0x00000000c0eee6e0,0x00000000c9e80000)
 Metaspace       used 5949K, capacity 6960K, committed 7040K, reserved 1056768K
  class space    used 593K, capacity 616K, committed 640K, reserved 1048576K
Event: 3.674 GC heap after
Heap after GC invocations=21 (full 0):
 PSYoungGen      total 34816K, used 4768K [0x00000000eab00000, 0x00000000ee000000, 0x0000000100000000)
  eden space 29696K, 0% used [0x00000000eab00000,0x00000000eab00000,0x00000000ec800000)
  from space 5120K, 93% used [0x00000000ec800000,0x00000000ecca8000,0x00000000ecd00000)
  to   space 6144K, 0% used [0x00000000eda00000,0x00000000eda00000,0x00000000ee000000)
 ParOldGen       total 162304K, used 17972K [0x00000000c0000000, 0x00000000c9e80000, 0x00000000eab00000)
  object space 162304K, 11% used [0x00000000c0000000,0x00000000c118d240,0x00000000c9e80000)
 Metaspace       used 5949K, capacity 6960K, committed 7040K, reserved 1056768K
  class space    used 593K, capacity 616K, committed 640K, reserved 1048576K
}
Event: 3.819 GC heap before
{Heap before GC invocations=22 (full 0):
 PSYoungGen      total 34816K, used 34464K [0x00000000eab00000, 0x00000000ee000000, 0x0000000100000000)
  eden space 29696K, 100% used [0x00000000eab00000,0x00000000ec800000,0x00000000ec800000)
  from space 5120K, 93% used [0x00000000ec800000,0x00000000ecca8000,0x00000000ecd00000)
  to   space 6144K, 0% used [0x00000000eda00000,0x00000000eda00000,0x00000000ee000000)
 ParOldGen       total 162304K, used 17972K [0x00000000c0000000, 0x00000000c9e80000, 0x00000000eab00000)
  object space 162304K, 11% used [0x00000000c0000000,0x00000000c118d240,0x00000000c9e80000)
 Metaspace       used 5971K, capacity 6960K, committed 7040K, reserved 1056768K
  class space    used 593K, capacity 616K, committed 640K, reserved 1048576K
Event: 3.840 GC heap after
Heap after GC invocations=22 (full 0):
 PSYoungGen      total 47616K, used 4672K [0x00000000eab00000, 0x00000000ee100000, 0x0000000100000000)
  eden space 41472K, 0% used [0x00000000eab00000,0x00000000eab00000,0x00000000ed380000)
  from space 6144K, 76% used [0x00000000eda00000,0x00000000ede90000,0x00000000ee000000)
  to   space 6656K, 0% used [0x00000000ed380000,0x00000000ed380000,0x00000000eda00000)
 ParOldGen       total 162304K, used 22389K [0x00000000c0000000, 0x00000000c9e80000, 0x00000000eab00000)
  object space 162304K, 13% used [0x00000000c0000000,0x00000000c15dd640,0x00000000c9e80000)
 Metaspace       used 5971K, capacity 6960K, committed 7040K, reserved 1056768K
  class space    used 593K, capacity 616K, committed 640K, reserved 1048576K
}
Event: 4.000 GC heap before
{Heap before GC invocations=23 (full 0):
 PSYoungGen      total 47616K, used 46144K [0x00000000eab00000, 0x00000000ee100000, 0x0000000100000000)
  eden space 41472K, 100% used [0x00000000eab00000,0x00000000ed380000,0x00000000ed380000)
  from space 6144K, 76% used [0x00000000eda00000,0x00000000ede90000,0x00000000ee000000)
  to   space 6656K, 0% used [0x00000000ed380000,0x00000000ed380000,0x00000000eda00000)
 ParOldGen       total 162304K, used 22389K [0x00000000c0000000, 0x00000000c9e80000, 0x00000000eab00000)
  object space 162304K, 13% used [0x00000000c0000000,0x00000000c15dd640,0x00000000c9e80000)
 Metaspace       used 6000K, capacity 6960K, committed 7040K, reserved 1056768K
  class space    used 593K, capacity 616K, committed 640K, reserved 1048576K
Event: 4.043 GC heap after
Heap after GC invocations=23 (full 0):
 PSYoungGen      total 48128K, used 6640K [0x00000000eab00000, 0x00000000ef700000, 0x0000000100000000)
  eden space 41472K, 0% used [0x00000000eab00000,0x00000000eab00000,0x00000000ed380000)
  from space 6656K, 99% used [0x00000000ed380000,0x00000000ed9fc200,0x00000000eda00000)
  to   space 9728K, 0% used [0x00000000eed80000,0x00000000eed80000,0x00000000ef700000)
 ParOldGen       total 162304K, used 27645K [0x00000000c0000000, 0x00000000c9e80000, 0x00000000eab00000)
  object space 162304K, 17% used [0x00000000c0000000,0x00000000c1aff428,0x00000000c9e80000)
 Metaspace       used 6000K, capacity 6960K, committed 7040K, reserved 1056768K
  class space    used 593K, capacity 616K, committed 640K, reserved 1048576K
}
Event: 4.200 GC heap before
{Heap before GC invocations=24 (full 0):
 PSYoungGen      total 48128K, used 48112K [0x00000000eab00000, 0x00000000ef700000, 0x0000000100000000)
  eden space 41472K, 100% used [0x00000000eab00000,0x00000000ed380000,0x00000000ed380000)
  from space 6656K, 99% used [0x00000000ed380000,0x00000000ed9fc200,0x00000000eda00000)
  to   space 9728K, 0% used [0x00000000eed80000,0x00000000eed80000,0x00000000ef700000)
 ParOldGen       total 162304K, used 27645K [0x00000000c0000000, 0x00000000c9e80000, 0x00000000eab00000)
  object space 162304K, 17% used [0x00000000c0000000,0x00000000c1aff428,0x00000000c9e80000)
 Metaspace       used 6014K, capacity 7024K, committed 7296K, reserved 1056768K
  class space    used 593K, capacity 616K, committed 640K, reserved 1048576K
Event: 4.222 GC heap after
Heap after GC invocations=24 (full 0):
 PSYoungGen      total 67584K, used 6569K [0x00000000eab00000, 0x00000000ef800000, 0x0000000100000000)
  eden space 57856K, 0% used [0x00000000eab00000,0x00000000eab00000,0x00000000ee380000)
  from space 9728K, 67% used [0x00000000eed80000,0x00000000ef3ea7c0,0x00000000ef700000)
  to   space 10240K, 0% used [0x00000000ee380000,0x00000000ee380000,0x00000000eed80000)
 ParOldGen       total 162304K, used 34157K [0x00000000c0000000, 0x00000000c9e80000, 0x00000000eab00000)
  object space 162304K, 21% used [0x00000000c0000000,0x00000000c215b498,0x00000000c9e80000)
 Metaspace       used 6014K, capacity 7024K, committed 7296K, reserved 1056768K
  class space    used 593K, capacity 616K, committed 640K, reserved 1048576K
}
Event: 4.394 GC heap before
{Heap before GC invocations=25 (full 0):
 PSYoungGen      total 67584K, used 64425K [0x00000000eab00000, 0x00000000ef800000, 0x0000000100000000)
  eden space 57856K, 100% used [0x00000000eab00000,0x00000000ee380000,0x00000000ee380000)
  from space 9728K, 67% used [0x00000000eed80000,0x00000000ef3ea7c0,0x00000000ef700000)
  to   space 10240K, 0% used [0x00000000ee380000,0x00000000ee380000,0x00000000eed80000)
 ParOldGen       total 162304K, used 34157K [0x00000000c0000000, 0x00000000c9e80000, 0x00000000eab00000)
  object space 162304K, 21% used [0x00000000c0000000,0x00000000c215b498,0x00000000c9e80000)
 Metaspace       used 6134K, capacity 7064K, committed 7424K, reserved 1056768K
  class space    used 613K, capacity 656K, committed 768K, reserved 1048576K
Event: 4.421 GC heap after
Heap after GC invocations=25 (full 0):
 PSYoungGen      total 68096K, used 9152K [0x00000000eab00000, 0x00000000ef800000, 0x0000000100000000)
  eden space 57856K, 0% used [0x00000000eab00000,0x00000000eab00000,0x00000000ee380000)
  from space 10240K, 89% used [0x00000000ee380000,0x00000000eec70000,0x00000000eed80000)
  to   space 9728K, 0% used [0x00000000eed80000,0x00000000eed80000,0x00000000ef700000)
 ParOldGen       total 162304K, used 40399K [0x00000000c0000000, 0x00000000c9e80000, 0x00000000eab00000)
  object space 162304K, 24% used [0x00000000c0000000,0x00000000c2773cc8,0x00000000c9e80000)
 Metaspace       used 6134K, capacity 7064K, committed 7424K, reserved 1056768K
  class space    used 613K, capacity 656K, committed 768K, reserved 1048576K
}

Deoptimization events (10 events):
Event: 3.810 Thread 0x0000000007c3d000 Uncommon trap: reason=class_check action=maybe_recompile pc=0x000000000f411e68 method=java.util.HashMap.putVal(ILjava/lang/Object;Ljava/lang/Object;ZZ)Ljava/lang/Object; @ 203
Event: 4.047 Thread 0x0000000007c3d000 Uncommon trap: reason=unreached action=reinterpret pc=0x000000000f6b811c method=com.android.dx.rop.code.LocalItem.compareHandlesNulls(Lcom/android/dx/rop/cst/CstString;Lcom/android/dx/rop/cst/CstString;)I @ 14
Event: 4.302 Thread 0x0000000007b9a800 Uncommon trap: reason=unreached action=reinterpret pc=0x000000000f473644 method=java.util.HashMap.getNode(ILjava/lang/Object;)Ljava/util/HashMap$Node; @ 84
Event: 4.318 Thread 0x0000000007c3d000 Uncommon trap: reason=unreached action=reinterpret pc=0x000000000f59f4dc method=java.util.HashMap.getNode(ILjava/lang/Object;)Ljava/util/HashMap$Node; @ 84
Event: 4.325 Thread 0x0000000009b2e800 Uncommon trap: reason=bimorphic action=maybe_recompile pc=0x000000000f7cfbcc method=com.android.dx.cf.code.BytecodeArray.parseInstruction(ILcom/android/dx/cf/code/BytecodeArray$Visitor;)I @ 1357
Event: 4.326 Thread 0x0000000009b2e800 Uncommon trap: reason=bimorphic action=maybe_recompile pc=0x000000000f7cfbcc method=com.android.dx.cf.code.BytecodeArray.parseInstruction(ILcom/android/dx/cf/code/BytecodeArray$Visitor;)I @ 1357
Event: 4.336 Thread 0x0000000007b9a800 Uncommon trap: reason=unreached action=reinterpret pc=0x000000000f685484 method=com.android.dx.ssa.MoveParamCombiner$1.visitNonMoveInsn(Lcom/android/dx/ssa/NormalSsaInsn;)V @ 27
Event: 4.352 Thread 0x0000000009b2e800 Uncommon trap: reason=bimorphic action=maybe_recompile pc=0x000000000f6fb03c method=com.android.dx.ssa.LiteralOpUpgrader.tryReplacingWithConstant(Lcom/android/dx/ssa/NormalSsaInsn;)Z @ 62
Event: 4.356 Thread 0x0000000009b2e800 Uncommon trap: reason=bimorphic action=maybe_recompile pc=0x000000000f6fb03c method=com.android.dx.ssa.LiteralOpUpgrader.tryReplacingWithConstant(Lcom/android/dx/ssa/NormalSsaInsn;)Z @ 62
Event: 4.422 Thread 0x0000000007c3d000 Uncommon trap: reason=unreached action=reinterpret pc=0x000000000f4fb464 method=java.util.HashMap.getNode(ILjava/lang/Object;)Ljava/util/HashMap$Node; @ 84

Internal exceptions (10 events):
Event: 1.805 Thread 0x0000000009b2e800 Exception <a 'java/security/PrivilegedActionException'> (0x00000000eb20ea28) thrown at [D:\re\workspace\8-2-build-windows-amd64-cygwin\jdk8u5\2488\hotspot\src\share\vm\prims\jvm.cpp, line 1248]
Event: 1.969 Thread 0x00000000024a8000 Implicit null exception at 0x000000000f3b2fc5 to 0x000000000f3b4459
Event: 2.380 Thread 0x00000000024a8000 Exception <a 'java/security/PrivilegedActionException'> (0x00000000eb33f3d0) thrown at [D:\re\workspace\8-2-build-windows-amd64-cygwin\jdk8u5\2488\hotspot\src\share\vm\prims\jvm.cpp, line 1248]
Event: 2.462 Thread 0x0000000007b9a800 Implicit null exception at 0x000000000f36ff7c to 0x000000000f371315
Event: 2.755 Thread 0x00000000024a8000 Exception <a 'java/security/PrivilegedActionException'> (0x00000000eb0c2938) thrown at [D:\re\workspace\8-2-build-windows-amd64-cygwin\jdk8u5\2488\hotspot\src\share\vm\prims\jvm.cpp, line 1248]
Event: 4.047 Thread 0x0000000007c3d000 Implicit null exception at 0x000000000f6b6dbc to 0x000000000f6b80fd
Event: 4.088 Thread 0x0000000007c3d000 Exception <a 'java/security/PrivilegedActionException'> (0x00000000ebac7328) thrown at [D:\re\workspace\8-2-build-windows-amd64-cygwin\jdk8u5\2488\hotspot\src\share\vm\prims\jvm.cpp, line 1248]
Event: 4.300 Thread 0x0000000007b9a800 Exception <a 'java/lang/ArrayIndexOutOfBoundsException': 18> (0x00000000eb8558a8) thrown at [D:\re\workspace\8-2-build-windows-amd64-cygwin\jdk8u5\2488\hotspot\src\share\vm\interpreter\interpreterRuntime.cpp, line 337]
Event: 4.301 Thread 0x0000000007b9a800 Exception <a 'java/lang/ArrayIndexOutOfBoundsException': 145> (0x00000000eb857340) thrown at [D:\re\workspace\8-2-build-windows-amd64-cygwin\jdk8u5\2488\hotspot\src\share\vm\interpreter\interpreterRuntime.cpp, line 337]
Event: 4.302 Thread 0x0000000007b9a800 Exception <a 'java/lang/ArrayIndexOutOfBoundsException'> (0x00000000eb858558) thrown at [D:\re\workspace\8-2-build-windows-amd64-cygwin\jdk8u5\2488\hotspot\src\share\vm\runtime\sharedRuntime.cpp, line 595]

Events (10 events):
Event: 4.356 Thread 0x0000000009b2e800 Uncommon trap: trap_request=0xffffffc6 fr.pc=0x000000000f6fb03c
Event: 4.356 Thread 0x0000000009b2e800 DEOPT PACKING pc=0x000000000f6fb03c sp=0x000000000a43ec20
Event: 4.356 Thread 0x0000000009b2e800 DEOPT UNPACKING pc=0x000000000f0555af sp=0x000000000a43eb18 mode 2
Event: 4.391 Thread 0x00000000024a8000 DEOPT PACKING pc=0x000000000f7089a8 sp=0x000000000281ec30
Event: 4.391 Thread 0x00000000024a8000 DEOPT UNPACKING pc=0x000000000f057604 sp=0x000000000281e8f8 mode 0
Event: 4.394 Executing VM operation: ParallelGCFailedAllocation
Event: 4.421 Executing VM operation: ParallelGCFailedAllocation done
Event: 4.422 Thread 0x0000000007c3d000 Uncommon trap: trap_request=0xffffffad fr.pc=0x000000000f4fb464
Event: 4.422 Thread 0x0000000007c3d000 DEOPT PACKING pc=0x000000000f4fb464 sp=0x000000000a99ebb0
Event: 4.422 Thread 0x0000000007c3d000 DEOPT UNPACKING pc=0x000000000f0555af sp=0x000000000a99e8e8 mode 2


Dynamic libraries:
0x000000013f130000 - 0x000000013f164000 	C:\Program Files\Java\jdk1.8.0_05\bin\java.exe
0x00000000772b0000 - 0x000000007745a000 	C:\windows\SYSTEM32\ntdll.dll
0x0000000077090000 - 0x00000000771af000 	C:\windows\system32\kernel32.dll
0x000007fefd110000 - 0x000007fefd17a000 	C:\windows\system32\KERNELBASE.dll
0x0000000074d40000 - 0x0000000074dc7000 	C:\windows\System32\SYSFER.DLL
0x000007fefd3f0000 - 0x000007fefd4cb000 	C:\windows\system32\ADVAPI32.dll
0x000007fefd800000 - 0x000007fefd89f000 	C:\windows\system32\msvcrt.dll
0x000007fefda30000 - 0x000007fefda4f000 	C:\windows\SYSTEM32\sechost.dll
0x000007fefeb70000 - 0x000007fefec9d000 	C:\windows\system32\RPCRT4.dll
0x00000000771b0000 - 0x00000000772aa000 	C:\windows\system32\USER32.dll
0x000007fefeca0000 - 0x000007fefed07000 	C:\windows\system32\GDI32.dll
0x000007fefda20000 - 0x000007fefda2e000 	C:\windows\system32\LPK.dll
0x000007feff130000 - 0x000007feff1fa000 	C:\windows\system32\USP10.dll
0x000007fefc060000 - 0x000007fefc254000 	C:\windows\WinSxS\amd64_microsoft.windows.common-controls_6595b64144ccf1df_6.0.7601.18837_none_fa3b1e3d17594757\COMCTL32.dll
0x000007fefe7e0000 - 0x000007fefe851000 	C:\windows\system32\SHLWAPI.dll
0x000007fefd970000 - 0x000007fefd99e000 	C:\windows\system32\IMM32.DLL
0x000007feff200000 - 0x000007feff309000 	C:\windows\system32\MSCTF.dll
0x000007fefcf60000 - 0x000007fefcfa0000 	C:\windows\system32\nvinitx.dll
0x000000000f000000 - 0x000000000f006000 	C:\Program Files\NVIDIA Corporation\CoProcManager\_etoured.dll
0x000007fef9c20000 - 0x000007fef9c76000 	C:\Program Files\NVIDIA Corporation\CoProcManager\nvd3d9wrapx.dll
0x000007fefe940000 - 0x000007fefeb17000 	C:\windows\system32\SETUPAPI.dll
0x000007fefd3b0000 - 0x000007fefd3e6000 	C:\windows\system32\CFGMGR32.dll
0x000007fefe860000 - 0x000007fefe938000 	C:\windows\system32\OLEAUT32.dll
0x000007feff3b0000 - 0x000007feff5b3000 	C:\windows\system32\ole32.dll
0x000007fefd180000 - 0x000007fefd19a000 	C:\windows\system32\DEVOBJ.dll
0x000007fef9be0000 - 0x000007fef9c1d000 	C:\Program Files\NVIDIA Corporation\CoProcManager\nvdxgiwrapx.dll
0x0000000064ac0000 - 0x0000000064b92000 	C:\Program Files\Java\jdk1.8.0_05\jre\bin\msvcr100.dll
0x000000005b490000 - 0x000000005bcba000 	C:\Program Files\Java\jdk1.8.0_05\jre\bin\server\jvm.dll
0x000007fef5750000 - 0x000007fef5759000 	C:\windows\system32\WSOCK32.dll
0x000007fefeb20000 - 0x000007fefeb6d000 	C:\windows\system32\WS2_32.dll
0x000007fefd960000 - 0x000007fefd968000 	C:\windows\system32\NSI.dll
0x000007fefa300000 - 0x000007fefa33b000 	C:\windows\system32\WINMM.dll
0x0000000077470000 - 0x0000000077477000 	C:\windows\system32\PSAPI.DLL
0x0000000070350000 - 0x000000007035f000 	C:\Program Files\Java\jdk1.8.0_05\jre\bin\verify.dll
0x0000000067610000 - 0x0000000067638000 	C:\Program Files\Java\jdk1.8.0_05\jre\bin\java.dll
0x0000000067cd0000 - 0x0000000067ce6000 	C:\Program Files\Java\jdk1.8.0_05\jre\bin\zip.dll
0x000007fefda50000 - 0x000007fefe7da000 	C:\windows\system32\SHELL32.dll
0x000007fefd040000 - 0x000007fefd04f000 	C:\windows\system32\profapi.dll

VM Arguments:
jvm_args: -Djava.awt.headless=true -Xmx1024M -Dfile.encoding=windows-1252 -Duser.country=US -Duser.language=en -Duser.variant 
java_command: com.android.dx.command.Main --dex --force-jumbo --num-threads=4 --multi-dex --output C:\Users\IBM_ADMIN\AndroidStudioProjects\GoodRx\GoodRx\app\build\intermediates\transforms\dex\debug\folders\1000\10\com.android.support-support-v4-23.3.0_c9415a5709d8e50806792106e1ac7cb67ada128f C:\Users\IBM_ADMIN\AndroidStudioProjects\GoodRx\GoodRx\app\build\intermediates\exploded-aar\com.android.support\support-v4\23.3.0\jars\classes.jar
java_class_path (initial): C:\Users\IBM_ADMIN\AppData\Local\Android\sdk\build-tools\23.0.3\lib\dx.jar
Launcher Type: SUN_STANDARD

Environment Variables:
PATH=C:\ProgramData\Oracle\Java\javapath;C:\Perl64\site\bin;C:\Perl64\bin;C:\windows\SYSTEM32;C:\windows;C:\windows\SYSTEM32\WBEM;C:\windows\SYSTEM32\WINDOWSPOWERSHELL\V1.0\;C:\PROGRAM FILES\IBM\INFOPRINT SELECT;C:\PROGRAM FILES (X86)\IBM\PERSONAL COMMUNICATIONS\;C:\PROGRAM FILES (X86)\IBM\TRACE FACILITY\;C:\Program Files\ThinkPad\Bluetooth Software\;C:\Program Files\ThinkPad\Bluetooth Software\syswow64;C:\Program Files (x86)\Lenovo\Password Manager\;C:\Program Files\Intel\WiFi\bin\;C:\Program Files\Common Files\Intel\WirelessCommon\;C:\Dwimperl\perl\bin;C:\Dwimperl\perl\site\bin;C:\Dwimperl\c\bin;C:\Program Files (x86)\Git\cmd;C:\Program Files\nodejs\;C:\Windows\Microsoft.NET\Framework\v2.0.50727;C:\Users\IBM_ADMIN\node_modules\depdiff\bin;C:\Python27;C:\Program Files (x86)\Notepad++\notepad++.exe;C:\Program Files\Intel\WiFi\bin\;C:\Program Files\Common Files\Intel\WirelessCommon\;C:\Program Files\IBM\Java71\bin;C:\Program Files (x86)\GnuWin32\bin;C:\Program Files\nodejs\;C:\Windows\Microsoft.NET\Framework\v2.0.50727;C:\Users\IBM_ADMIN\node_modules\depdiff\bin;C:\Program Files\Apache Software Foundation\apache-maven-2.2.1\bin;C:\Users\IBM_ADMIN\AppData\Roaming\npm;C:\Python27;C:\Program Files (x86)\Notepad++\notepad++.exe
USERNAME=mkhan446
OS=Windows_NT
PROCESSOR_IDENTIFIER=Intel64 Family 6 Model 42 Stepping 7, GenuineIntel



---------------  S Y S T E M  ---------------

OS: Windows 7 , 64 bit Build 7601 Service Pack 1

CPU:total 8 (4 cores per cpu, 2 threads per core) family 6 model 42 stepping 7, cmov, cx8, fxsr, mmx, sse, sse2, sse3, ssse3, sse4.1, sse4.2, popcnt, avx, aes, clmul, ht, tsc, tscinvbit

Memory: 4k page, physical 10366192k(1597000k free), swap 10494988k(5080k free)

vm_info: Java HotSpot(TM) 64-Bit Server VM (25.5-b02) for windows-amd64 JRE (1.8.0_05-b13), built on Mar 18 2014 01:08:39 by "java_re" with MS VC++ 10.0 (VS2010)

time: Sun Apr 24 03:16:10 2016
elapsed time: 4 seconds

