JvmtiExport can_access_local_variables 0
JvmtiExport can_hotswap_or_post_breakpoint 0
JvmtiExport can_post_on_exceptions 0
# 312 ciObject found
ciMethod java/lang/Object <init> ()V 4097 1 240503 0 0
ciMethod java/lang/System arraycopy (Ljava/lang/Object;ILjava/lang/Object;II)V 5121 1 640 0 -1
ciMethod java/lang/NullPointerException <init> (Ljava/lang/String;)V 0 0 1 0 -1
ciMethod java/util/ArrayList <init> ()V 153 1 17647 0 -1
ciMethod java/util/ArrayList add (Ljava/lang/Object;)Z 641 1 64853 0 -1
ciMethodData java/lang/Object <init> ()V 2 240503 orig 144 152 11 163 91 0 0 0 0 136 4 16 6 0 0 0 0 168 0 0 0 0 0 0 0 0 0 0 0 0 0 0 0 0 0 0 0 0 0 0 0 0 0 0 0 0 0 0 0 0 0 0 0 0 0 0 0 0 0 0 0 0 0 0 0 1 0 0 0 0 0 0 0 1 0 0 0 0 0 0 0 1 0 0 0 0 0 0 0 0 0 0 0 0 0 0 0 0 2 0 0 185 75 29 0 1 0 0 0 0 0 0 0 0 0 0 0 0 0 3 0 3 0 0 0 0 0 0 0 255 255 255 255 0 0 0 0 0 0 0 0 0 0 0 0 data 0 oops 0
ciMethod com/android/dx/rop/cst/ConstantPool get (I)Lcom/android/dx/rop/cst/Constant; 0 0 1 0 -1
ciMethod com/android/dx/util/ByteArray getByte (I)I 49 1 56 0 0
ciMethod com/android/dx/util/ByteArray getShort (I)I 369 1 602 0 0
ciMethod com/android/dx/util/ByteArray getInt (I)I 705 1 1539 0 0
ciMethod com/android/dx/util/ByteArray getUnsignedByte (I)I 4097 1 39474 0 144
ciMethod com/android/dx/util/ByteArray getUnsignedShort (I)I 3089 1 13434 0 208
ciMethod com/android/dx/util/ByteArray checkOffsets (II)V 4097 1 5753 0 80
ciMethod com/android/dx/util/ByteArray getByte0 (I)I 2105 1 2198 0 0
ciMethod com/android/dx/util/ByteArray getUnsignedByte0 (I)I 4097 1 70830 0 112
ciMethod com/android/dx/cf/code/BytecodeArray$Visitor visitInvalid (III)V 0 0 1 0 -1
ciMethod com/android/dx/cf/code/BytecodeArray$Visitor visitNoArgs (IIILcom/android/dx/rop/type/Type;)V 0 0 1 0 -1
ciMethod com/android/dx/cf/code/BytecodeArray$Visitor visitLocal (IIIILcom/android/dx/rop/type/Type;I)V 0 0 1 0 -1
ciMethod com/android/dx/cf/code/BytecodeArray$Visitor visitConstant (IIILcom/android/dx/rop/cst/Constant;I)V 0 0 1 0 -1
ciMethod com/android/dx/cf/code/BytecodeArray$Visitor visitBranch (IIII)V 0 0 1 0 -1
ciMethod com/android/dx/cf/code/BytecodeArray$Visitor visitSwitch (IIILcom/android/dx/cf/code/SwitchList;I)V 0 0 1 0 -1
ciMethod com/android/dx/cf/code/BytecodeArray$Visitor visitNewarray (IILcom/android/dx/rop/cst/CstType;Ljava/util/ArrayList;)V 0 0 1 0 -1
ciMethod com/android/dx/cf/code/BytecodeArray$Visitor getPreviousOffset ()I 0 0 1 0 -1
ciMethod com/android/dx/rop/cst/CstInteger make (I)Lcom/android/dx/rop/cst/CstInteger; 633 1 693 0 -1
ciMethod com/android/dx/rop/cst/CstInteger <init> (I)V 193 1 24 0 -1
ciMethod com/android/dx/rop/cst/CstInteger getValue ()I 2081 1 2485 0 -1
ciMethod com/android/dx/rop/cst/CstLiteral32 getIntBits ()I 1649 1 206 0 -1
ciMethod com/android/dx/rop/cst/CstFieldRef getType ()Lcom/android/dx/rop/type/Type; 1545 1 481 0 -1
ciMethod com/android/dx/rop/cst/CstBaseMethodRef getPrototype (Z)Lcom/android/dx/rop/type/Prototype; 3073 1 1260 0 -1
ciMethod com/android/dx/rop/cst/CstInterfaceMethodRef toMethodRef ()Lcom/android/dx/rop/cst/CstMethodRef; 145 1 86 0 -1
ciMethod com/android/dx/rop/cst/StdConstantPool get (I)Lcom/android/dx/rop/cst/Constant; 4097 1 6410 0 0
ciMethod com/android/dx/rop/cst/StdConstantPool throwInvalid (I)Lcom/android/dx/rop/cst/Constant; 0 0 1 0 -1
ciMethod com/android/dx/util/MutabilityControl <init> (Z)V 4097 1 21387 0 48
ciMethod com/android/dx/util/MutabilityControl setImmutable ()V 4097 1 38112 0 0
ciMethod com/android/dx/util/MutabilityControl throwIfImmutable ()V 2073 1 88050 0 48
ciMethod com/android/dx/rop/type/Type getBasicFrameType ()I 4097 1 1536 0 -1
ciMethod com/android/dx/rop/type/Type isCategory1 ()Z 193 1 24 0 -1
ciMethod com/android/dx/rop/type/Type isCategory2 ()Z 4097 1 2024 0 -1
ciMethod com/android/dx/rop/type/Type isArrayOrKnownNull ()Z 105 1 13 0 -1
ciMethod com/android/dx/rop/type/Type getComponentType ()Lcom/android/dx/rop/type/Type; 337 1 136 0 -1
ciMethodData com/android/dx/util/ByteArray getUnsignedByte0 (I)I 2 70830 orig 144 152 11 163 91 0 0 0 0 88 137 83 6 0 0 0 0 176 0 0 0 0 0 0 0 0 0 0 0 0 0 0 0 0 0 0 0 0 0 0 0 0 0 0 0 0 0 0 0 0 0 0 0 0 0 0 0 0 0 0 0 0 0 0 0 1 0 0 0 0 0 0 0 0 0 0 0 0 0 0 0 1 0 0 0 0 0 0 0 0 0 0 0 0 0 0 0 0 2 0 0 113 149 8 0 1 0 0 0 0 0 0 0 0 0 0 0 0 0 3 0 4 0 0 0 0 0 0 0 255 255 255 255 0 0 0 0 0 0 0 0 0 0 0 0 data 0 oops 0
ciMethodData com/android/dx/util/ByteArray checkOffsets (II)V 2 5753 orig 144 152 11 163 91 0 0 0 0 208 135 83 6 0 0 0 0 136 2 0 0 64 0 0 0 0 0 0 0 0 0 0 0 0 0 0 0 0 0 0 0 0 0 0 0 0 0 0 0 0 0 0 0 0 0 0 0 0 0 0 0 0 0 0 0 25 0 0 0 0 0 0 0 0 0 0 0 0 0 0 0 1 0 0 0 0 0 0 0 0 0 0 0 0 0 0 0 0 2 0 0 201 163 0 0 1 0 0 0 0 0 0 0 0 0 0 0 0 0 10 0 4 0 1 0 208 1 0 0 255 255 255 255 0 0 0 0 7 0 1 0 0 0 0 0 data 58 0x10007 0x0 0x60 0x1479 0x60007 0x0 0x40 0x1479 0xe0007 0x1479 0x190 0x0 0x190002 0x0 0x1e0005 0x0 0x0 0x0 0x0 0x0 0x220005 0x0 0x0 0x0 0x0 0x0 0x270005 0x0 0x0 0x0 0x0 0x0 0x2b0005 0x0 0x0 0x0 0x0 0x0 0x300005 0x0 0x0 0x0 0x0 0x0 0x370005 0x0 0x0 0x0 0x0 0x0 0x3a0005 0x0 0x0 0x0 0x0 0x0 0x3d0002 0x0 oops 0
ciMethodData com/android/dx/util/ByteArray getUnsignedByte (I)I 2 39474 orig 144 152 11 163 91 0 0 0 0 16 133 83 6 0 0 0 0 208 0 0 0 0 0 0 0 0 0 0 0 0 0 0 0 0 0 0 0 0 0 0 0 0 0 0 0 0 0 0 0 0 0 0 0 0 0 0 0 0 0 0 0 0 0 0 0 17 0 0 0 0 0 0 0 0 0 0 0 0 0 0 0 1 0 0 0 0 0 0 0 0 0 0 0 0 0 0 0 0 2 0 0 145 193 4 0 1 0 0 0 0 0 0 0 0 0 0 0 0 0 3 0 4 0 1 0 32 0 0 0 255 255 255 255 0 0 0 0 2 0 5 0 0 0 0 0 data 4 0x50002 0x9835 0xa0002 0x983a oops 0
ciMethod com/android/dx/rop/type/Prototype internInts (Lcom/android/dx/rop/type/Type;I)Lcom/android/dx/rop/type/Prototype; 0 0 1 0 -1
ciMethod com/android/dx/util/FixedSizeList <init> (I)V 4097 1 5703 0 272
ciMethod com/android/dx/util/FixedSizeList size ()I 4097 1 100844 0 0
ciMethod com/android/dx/util/FixedSizeList get0 (I)Ljava/lang/Object; 2265 1 5936 0 144
ciMethod com/android/dx/util/FixedSizeList set0 (ILjava/lang/Object;)V 4097 1 43663 0 -1
ciMethod com/android/dx/util/FixedSizeList throwIndex (I)Ljava/lang/Object; 0 0 1 0 -1
ciMethod com/android/dx/cf/code/BytecodeArray parseInstruction (ILcom/android/dx/cf/code/BytecodeArray$Visitor;)I 4097 1 9820 0 -1
ciMethod com/android/dx/cf/code/BytecodeArray parseTableswitch (ILcom/android/dx/cf/code/BytecodeArray$Visitor;)I 0 0 1 0 0
ciMethod com/android/dx/cf/code/BytecodeArray parseLookupswitch (ILcom/android/dx/cf/code/BytecodeArray$Visitor;)I 1 1 32 0 0
ciMethod com/android/dx/cf/code/BytecodeArray parseNewarray (ILcom/android/dx/cf/code/BytecodeArray$Visitor;)I 17 1 2 0 0
ciMethod com/android/dx/cf/code/BytecodeArray parseWide (ILcom/android/dx/cf/code/BytecodeArray$Visitor;)I 0 0 1 0 0
ciMethod com/android/dx/cf/code/ByteCatchList <init> (I)V 41 1 125 0 0
ciMethod com/android/dx/cf/code/ByteCatchList get (I)Lcom/android/dx/cf/code/ByteCatchList$Item; 177 1 736 0 0
ciMethod com/android/dx/cf/code/ByteCatchList set (ILcom/android/dx/cf/code/ByteCatchList$Item;)V 25 1 107 0 0
ciMethod com/android/dx/cf/code/ByteCatchList listFor (I)Lcom/android/dx/cf/code/ByteCatchList; 4097 113 1695 0 0
ciMethod com/android/dx/cf/code/ByteCatchList typeNotFound (Lcom/android/dx/cf/code/ByteCatchList$Item;[Lcom/android/dx/cf/code/ByteCatchList$Item;I)Z 25 1 107 0 0
ciMethod com/android/dx/cf/code/ByteCatchList toTargetList (I)Lcom/android/dx/util/IntList; 4097 25 1695 0 0
ciMethod com/android/dx/cf/code/LocalVariableList pcAndIndexToLocal (II)Lcom/android/dx/cf/code/LocalVariableList$Item; 4097 5681 2687 0 -1
ciMethod com/android/dx/cf/code/LocalVariableList$Item getLocalItem ()Lcom/android/dx/rop/code/LocalItem; 1489 1 274 0 -1
ciMethod com/android/dx/cf/code/LocalVariableList$Item getType ()Lcom/android/dx/rop/type/Type; 1953 1 445 0 -1
ciMethod com/android/dx/cf/attrib/AttCode getCatches ()Lcom/android/dx/cf/code/ByteCatchList; 1633 1 204 0 0
ciMethodData com/android/dx/util/MutabilityControl throwIfImmutable ()V 2 88050 orig 144 152 11 163 91 0 0 0 0 96 107 84 6 0 0 0 0 216 0 0 0 0 0 0 0 0 0 0 0 0 0 0 0 0 0 0 0 0 0 0 0 0 0 0 0 0 0 0 0 0 0 0 0 0 0 0 0 0 0 0 0 0 0 0 0 25 0 0 0 0 0 0 0 0 0 0 0 0 0 0 0 1 0 0 0 0 0 0 0 0 0 0 0 0 0 0 0 3 1 0 0 121 183 10 0 1 0 0 0 0 0 0 0 0 0 0 0 0 0 5 0 4 0 1 0 48 0 0 0 255 255 255 255 0 0 0 0 7 0 4 0 0 0 0 0 data 6 0x40007 0x156ec 0x30 0x0 0xd0002 0x0 oops 0
ciMethodData com/android/dx/util/ByteArray getUnsignedShort (I)I 2 13434 orig 144 152 11 163 91 0 0 0 0 216 133 83 6 0 0 0 0 224 0 0 0 0 0 0 0 0 0 0 0 0 0 0 0 0 0 0 0 0 0 0 0 0 0 0 0 0 0 0 0 0 0 0 0 0 0 0 0 0 0 0 0 0 0 0 0 0 0 0 0 0 0 0 0 0 0 0 0 0 0 0 0 0 0 0 0 0 0 0 0 0 0 0 0 0 0 0 0 130 1 0 0 193 151 1 0 1 0 0 0 0 0 0 0 0 0 0 0 0 0 3 0 4 0 1 0 48 0 0 0 255 255 255 255 0 0 0 0 2 0 5 0 0 0 0 0 data 6 0x50002 0x32f9 0xa0002 0x32fb 0x140002 0x32fb oops 0
ciMethodData com/android/dx/util/ByteArray getInt (I)I 2 1595 orig 144 152 11 163 91 0 0 0 0 40 131 83 6 0 0 0 0 0 1 0 0 0 0 0 0 0 0 0 0 0 0 0 0 0 0 0 0 0 0 0 0 0 0 0 0 0 0 0 0 0 0 0 0 0 0 0 0 0 0 0 0 0 0 0 0 0 0 0 0 0 0 0 0 0 0 0 0 0 0 0 0 0 0 0 0 0 0 0 0 0 0 0 0 0 0 0 0 88 0 0 0 25 47 0 0 1 0 0 0 0 0 0 0 0 0 0 0 0 0 3 0 3 0 1 0 80 0 0 0 255 255 255 255 0 0 0 0 2 0 5 0 0 0 0 0 data 10 0x50002 0x5e3 0xa0002 0x5e3 0x140002 0x5e3 0x1f0002 0x5e3 0x2a0002 0x5e3 oops 0
ciMethodData com/android/dx/util/FixedSizeList set0 (ILjava/lang/Object;)V 2 45781 orig 144 152 11 163 91 0 0 0 0 176 38 85 6 0 0 0 0 64 1 0 0 0 0 0 0 0 0 0 0 0 0 0 0 0 0 0 0 0 0 0 0 0 0 0 0 0 0 0 0 0 0 0 0 0 0 0 0 0 0 0 0 0 0 0 0 17 0 0 0 0 0 0 0 0 0 0 0 0 0 0 0 0 0 0 0 0 0 0 0 0 0 0 0 0 0 0 0 0 2 0 0 169 134 5 0 1 0 0 0 0 0 0 0 0 0 0 0 0 0 11 0 4 0 1 0 136 0 0 0 255 255 255 255 0 0 0 0 5 0 1 0 0 0 0 0 data 17 0x10005 0x9a08 0xa3088d0 0x96d 0xa308980 0xd72 0xa0104 0x0 0xa263010 0xddc 0xa308a30 0x17 0xb0003 0xb0dc 0x28 0x110002 0x0 oops 4 2 com/android/dx/cf/code/ByteBlockList 4 com/android/dx/rop/type/StdTypeList 8 com/android/dx/rop/type/Type 10 com/android/dx/cf/iface/StdMethod
ciMethodData com/android/dx/rop/cst/StdConstantPool get (I)Lcom/android/dx/rop/cst/Constant; 2 6410 orig 144 152 11 163 91 0 0 0 0 88 98 84 6 0 0 0 0 240 0 0 0 32 0 0 0 0 0 0 0 0 0 0 0 0 0 0 0 0 0 0 0 0 0 0 0 0 0 0 0 0 0 0 0 0 0 0 0 0 0 0 0 0 0 0 0 0 0 0 0 0 0 0 0 0 0 0 0 0 0 0 0 0 0 0 0 0 0 0 0 0 0 0 0 0 0 0 0 0 2 0 0 81 184 0 0 1 0 0 0 0 0 0 0 0 0 0 0 0 0 7 0 3 0 1 0 64 0 0 0 255 255 255 255 0 0 0 0 7 0 8 0 0 0 0 0 data 8 0x80007 0x170a 0x30 0x0 0xc0002 0x0 0x140002 0x0 oops 0
ciMethodData com/android/dx/util/FixedSizeList size ()I 2 100898 orig 144 152 11 163 91 0 0 0 0 96 34 85 6 0 0 0 0 168 0 0 0 0 0 0 0 0 0 0 0 0 0 0 0 0 0 0 0 0 0 0 0 0 0 0 0 0 0 0 0 0 0 0 0 0 0 0 0 0 0 0 0 0 0 0 0 1 0 0 0 0 0 0 0 0 0 0 0 0 0 0 0 1 0 0 0 0 0 0 0 0 0 0 0 0 0 0 0 0 2 0 0 17 65 12 0 1 0 0 0 0 0 0 0 0 0 0 0 0 0 3 0 3 0 0 0 0 0 0 0 255 255 255 255 0 0 0 0 0 0 0 0 0 0 0 0 data 0 oops 0
ciMethod com/android/dx/cf/code/ConcreteMethod getCatches ()Lcom/android/dx/cf/code/ByteCatchList; 4097 1 4736 0 0
ciMethod com/android/dx/cf/code/Machine clearArgs ()V 0 0 1 0 -1
ciMethod com/android/dx/cf/code/Machine popArgs (Lcom/android/dx/cf/code/Frame;I)V 0 0 1 0 -1
ciMethod com/android/dx/cf/code/Machine popArgs (Lcom/android/dx/cf/code/Frame;Lcom/android/dx/rop/type/Prototype;)V 0 0 1 0 -1
ciMethod com/android/dx/cf/code/Machine popArgs (Lcom/android/dx/cf/code/Frame;Lcom/android/dx/rop/type/Type;)V 0 0 1 0 -1
ciMethod com/android/dx/cf/code/Machine popArgs (Lcom/android/dx/cf/code/Frame;Lcom/android/dx/rop/type/Type;Lcom/android/dx/rop/type/Type;)V 0 0 1 0 -1
ciMethod com/android/dx/cf/code/Machine popArgs (Lcom/android/dx/cf/code/Frame;Lcom/android/dx/rop/type/Type;Lcom/android/dx/rop/type/Type;Lcom/android/dx/rop/type/Type;)V 0 0 1 0 -1
ciMethod com/android/dx/cf/code/Machine localArg (Lcom/android/dx/cf/code/Frame;I)V 0 0 1 0 -1
ciMethod com/android/dx/cf/code/Machine localInfo (Z)V 0 0 1 0 -1
ciMethod com/android/dx/cf/code/Machine auxType (Lcom/android/dx/rop/type/Type;)V 0 0 1 0 -1
ciMethod com/android/dx/cf/code/Machine auxIntArg (I)V 0 0 1 0 -1
ciMethod com/android/dx/cf/code/Machine auxCstArg (Lcom/android/dx/rop/cst/Constant;)V 0 0 1 0 -1
ciMethod com/android/dx/cf/code/Machine auxTargetArg (I)V 0 0 1 0 -1
ciMethod com/android/dx/cf/code/Machine localTarget (ILcom/android/dx/rop/type/Type;Lcom/android/dx/rop/code/LocalItem;)V 0 0 1 0 -1
ciMethod com/android/dx/cf/code/Machine run (Lcom/android/dx/cf/code/Frame;II)V 0 0 1 0 -1
ciMethod com/android/dx/cf/code/BasicBlocker visitNoArgs (IIILcom/android/dx/rop/type/Type;)V 4097 1 599 0 0
ciMethod com/android/dx/cf/code/BasicBlocker visitLocal (IIIILcom/android/dx/rop/type/Type;I)V 4097 1 1906 0 0
ciMethod com/android/dx/cf/code/BasicBlocker visitConstant (IIILcom/android/dx/rop/cst/Constant;I)V 4097 1 1984 0 0
ciMethod com/android/dx/cf/code/BasicBlocker visitBranch (IIII)V 3409 1 266 0 0
ciMethod com/android/dx/cf/code/BasicBlocker addWorkIfNecessary (IZ)V 4097 1 6467 0 0
ciMethod com/android/dx/cf/code/BasicBlocker visitCommon (IIZ)V 4097 1 4735 0 0
ciMethod com/android/dx/cf/code/BasicBlocker visitThrowing (IIZ)V 4097 1 1695 0 0
ciMethod com/android/dx/util/Bits get ([II)Z 4001 1 14010 0 128
ciMethod com/android/dx/util/Bits set ([II)V 3185 1 16598 0 128
ciMethod com/android/dx/util/IntList makeImmutable (I)Lcom/android/dx/util/IntList; 4097 1 3531 0 0
ciMethod com/android/dx/util/IntList makeImmutable (II)Lcom/android/dx/util/IntList; 2105 1 149 0 0
ciMethod com/android/dx/util/IntList <init> (I)V 4145 1 6819 0 272
ciMethod com/android/dx/util/IntList add (I)V 2313 1 6550 0 784
ciMethod com/android/dx/util/IntList growIfNeeded ()V 2321 1 6307 0 560
ciMethod com/android/dx/cf/code/ByteOps opInfo (I)I 4113 1 9822 0 0
ciMethod com/android/dx/cf/code/ByteCatchList$Item getHandlerPc ()I 449 1 47 0 0
ciMethod com/android/dx/cf/code/ByteCatchList$Item getExceptionClass ()Lcom/android/dx/rop/cst/CstType; 73 1 321 0 -1
ciMethod com/android/dx/cf/code/ByteCatchList$Item covers (I)Z 89 1 361 0 0
ciMethod com/android/dx/cf/code/BaseMachine throwLocalMismatch (Lcom/android/dx/rop/type/TypeBearer;Lcom/android/dx/rop/type/TypeBearer;)V 0 0 1 0 -1
ciMethod com/android/dx/cf/code/Simulator access$100 ()Lcom/android/dx/cf/code/SimException; 0 0 1 0 -1
ciMethod com/android/dx/cf/code/Simulator access$200 (Lcom/android/dx/rop/type/Type;Lcom/android/dx/rop/type/Type;)Lcom/android/dx/rop/type/Type; 281 1 35 0 -1
ciMethod com/android/dx/cf/code/Simulator access$300 (Lcom/android/dx/cf/code/Simulator;)Lcom/android/dx/cf/code/LocalVariableList; 1577 1 197 0 -1
ciMethod com/android/dx/cf/code/Simulator$SimVisitor visitInvalid (III)V 0 0 1 0 -1
ciMethod com/android/dx/cf/code/Simulator$SimVisitor visitNoArgs (IIILcom/android/dx/rop/type/Type;)V 4097 1 599 0 0
ciMethod com/android/dx/cf/code/Simulator$SimVisitor checkReturnType (Lcom/android/dx/rop/type/Type;)V 2553 1 301 0 -1
ciMethod com/android/dx/cf/code/Simulator$SimVisitor visitLocal (IIIILcom/android/dx/rop/type/Type;I)V 4097 1 2095 0 0
ciMethod com/android/dx/cf/code/Simulator$SimVisitor visitConstant (IIILcom/android/dx/rop/cst/Constant;I)V 4097 1 2078 0 -1
ciMethod com/android/dx/cf/code/Simulator$SimVisitor visitBranch (IIII)V 3881 1 320 0 -1
ciMethod com/android/dx/cf/code/Frame getStack ()Lcom/android/dx/cf/code/ExecutionStack; 1297 1 162 0 -1
ciMethod com/android/dx/cf/code/ExecutionStack peekLocal (I)Z 193 1 24 0 -1
ciMethod com/android/dx/cf/code/ExecutionStack peekType (I)Lcom/android/dx/rop/type/Type; 3289 1 395 0 -1
ciMethodData com/android/dx/util/MutabilityControl <init> (Z)V 2 21387 orig 144 152 11 163 91 0 0 0 0 168 104 84 6 0 0 0 0 192 0 0 0 0 0 0 0 0 0 0 0 0 0 0 0 0 0 0 0 0 0 0 0 0 0 0 0 0 0 0 0 0 0 0 0 0 0 0 0 0 0 0 0 0 0 0 0 0 0 0 0 0 0 0 0 0 0 0 0 0 0 0 0 0 0 0 0 0 0 0 0 0 0 0 0 0 0 0 0 0 2 0 0 89 140 2 0 1 0 0 0 0 0 0 0 0 0 0 0 0 0 3 0 4 0 1 0 16 0 0 0 255 255 255 255 0 0 0 0 2 0 1 0 0 0 0 0 data 2 0x10002 0x518c oops 0
ciMethodData com/android/dx/util/FixedSizeList get0 (I)Ljava/lang/Object; 2 5936 orig 144 152 11 163 91 0 0 0 0 248 36 85 6 0 0 0 0 144 1 0 0 192 0 0 0 0 0 0 0 0 0 0 0 0 0 0 0 0 0 0 0 0 0 0 0 0 0 0 0 0 0 0 0 0 0 0 0 0 0 0 0 0 0 0 0 25 0 0 0 0 0 0 0 0 0 0 0 0 0 0 0 1 0 0 0 0 0 0 0 0 0 0 0 0 0 0 0 22 1 0 0 169 176 0 0 1 0 0 0 0 0 0 0 0 0 0 0 0 0 9 0 4 0 1 0 224 0 0 0 255 255 255 255 0 0 0 0 7 0 8 0 0 0 0 0 data 28 0x80007 0x161a 0xd0 0x0 0x130002 0x0 0x180005 0x0 0x0 0x0 0x0 0x0 0x1c0005 0x0 0x0 0x0 0x0 0x0 0x1f0005 0x0 0x0 0x0 0x0 0x0 0x220002 0x0 0x2b0002 0x0 oops 0
ciMethodData com/android/dx/util/MutabilityControl setImmutable ()V 2 38112 orig 144 152 11 163 91 0 0 0 0 80 105 84 6 0 0 0 0 168 0 0 0 0 0 0 0 0 0 0 0 0 0 0 0 0 0 0 0 0 0 0 0 0 0 0 0 0 0 0 0 0 0 0 0 0 0 0 0 0 0 0 0 0 0 0 0 0 0 0 0 0 0 0 0 0 0 0 0 0 0 0 0 0 0 0 0 0 0 0 0 0 0 0 0 0 0 0 0 0 2 0 0 1 151 4 0 1 0 0 0 0 0 0 0 0 0 0 0 0 0 3 0 3 0 0 0 0 0 0 0 255 255 255 255 0 0 0 0 0 0 0 0 0 0 0 0 data 0 oops 0
ciMethodData com/android/dx/util/FixedSizeList <init> (I)V 2 5703 orig 144 152 11 163 91 0 0 0 0 112 28 85 6 0 0 0 0 32 1 0 0 56 0 0 0 0 0 0 0 0 0 0 0 0 0 0 0 0 0 0 0 0 0 0 0 0 0 0 0 0 0 0 0 0 0 0 0 0 0 0 0 0 0 0 0 0 0 0 0 0 0 0 0 0 0 0 0 0 0 0 0 0 0 0 0 0 0 0 0 0 0 0 0 0 0 0 0 0 2 0 0 57 162 0 0 1 0 0 0 0 0 0 0 0 0 0 0 0 0 10 0 4 0 1 0 112 0 0 0 255 255 255 255 0 0 0 0 7 0 2 0 0 0 0 0 data 14 0x20007 0x75c 0x38 0xcee 0x60003 0xcf0 0x18 0xa0002 0x1448 0x150003 0x1447 0x28 0x1f0002 0x0 oops 0
ciMethodData com/android/dx/util/IntList growIfNeeded ()V 2 6307 orig 144 152 11 163 91 0 0 0 0 88 242 90 6 0 0 0 0 216 0 0 0 0 0 0 0 0 0 0 0 0 0 0 0 0 0 0 0 0 0 0 0 0 0 0 0 0 0 0 0 0 0 0 0 0 0 0 0 0 0 0 0 0 0 0 0 0 0 0 0 0 0 0 0 0 0 0 0 0 0 0 0 0 0 0 0 0 0 0 0 0 0 0 0 0 0 0 0 34 1 0 0 9 188 0 0 1 0 0 0 0 0 0 0 0 0 0 0 0 0 6 0 4 0 1 0 48 0 0 0 255 255 255 255 0 0 0 0 7 0 9 0 0 0 0 0 data 6 0x90007 0x16e9 0x30 0x99 0x250002 0x99 oops 0
ciMethodData com/android/dx/util/IntList add (I)V 2 6550 orig 144 152 11 163 91 0 0 0 0 8 239 90 6 0 0 0 0 104 1 0 0 0 0 0 0 0 0 0 0 0 0 0 0 0 0 0 0 0 0 0 0 0 0 0 0 0 0 0 0 0 0 0 0 0 0 0 0 0 0 0 0 0 0 0 0 0 0 0 0 0 0 0 0 0 0 0 0 0 0 0 0 0 0 0 0 0 0 0 0 0 0 0 0 0 0 0 0 33 1 0 0 169 195 0 0 1 0 0 0 0 0 0 0 0 0 0 0 0 0 14 0 4 0 1 0 184 0 0 0 255 255 255 255 0 0 0 0 5 0 1 0 0 0 0 0 data 23 0x10005 0x0 0x7cc2f90 0x1875 0x0 0x0 0x50002 0x1877 0x1d0007 0x888 0x78 0xff0 0x250007 0x8c1 0x58 0x72f 0x350007 0x1f 0x38 0x710 0x390003 0x710 0x18 oops 1 2 com/android/dx/util/IntList
ciMethodData com/android/dx/util/Bits set ([II)V 2 16598 orig 144 152 11 163 91 0 0 0 0 56 212 90 6 0 0 0 0 176 0 0 0 0 0 0 0 0 0 0 0 0 0 0 0 0 0 0 0 0 0 0 0 0 0 0 0 0 0 0 0 0 0 0 0 0 0 0 0 0 0 0 0 0 0 0 0 0 0 0 0 0 0 0 0 0 0 0 0 0 0 0 0 0 0 0 0 0 0 0 0 0 0 0 0 0 0 0 0 142 1 0 0 65 250 1 0 1 0 0 0 0 0 0 0 0 0 0 0 0 0 3 0 4 0 0 0 0 0 0 0 255 255 255 255 0 0 0 0 0 0 0 0 0 0 0 0 data 0 oops 0
ciMethodData com/android/dx/util/IntList <init> (I)V 2 6819 orig 144 152 11 163 91 0 0 0 0 224 231 90 6 0 0 0 0 232 0 0 0 0 0 0 0 0 0 0 0 0 0 0 0 0 0 0 0 0 0 0 0 0 0 0 0 0 0 0 0 0 0 0 0 0 0 0 0 0 0 0 0 0 0 0 0 0 0 0 0 0 0 0 0 0 0 0 0 0 0 0 0 0 0 0 0 0 0 0 0 0 0 0 0 0 0 0 0 3 2 0 0 233 196 0 0 1 0 0 0 0 0 0 0 0 0 0 0 0 0 7 0 4 0 1 0 56 0 0 0 255 255 255 255 0 0 0 0 2 0 2 0 0 0 0 0 data 7 0x20002 0x189e 0xc0003 0x189c 0x28 0x160002 0x0 oops 0
ciMethodData com/android/dx/util/Bits get ([II)Z 2 14010 orig 144 152 11 163 91 0 0 0 0 56 210 90 6 0 0 0 0 232 0 0 0 0 0 0 0 0 0 0 0 0 0 0 0 0 0 0 0 0 0 0 0 0 0 0 0 0 0 0 0 0 0 0 0 0 0 0 0 0 0 0 0 0 0 0 0 0 0 0 0 0 0 0 0 0 0 0 0 0 0 0 0 0 0 0 0 0 0 0 0 0 0 0 0 0 0 0 0 244 1 0 0 49 166 1 0 1 0 0 0 0 0 0 0 0 0 0 0 0 0 6 0 4 0 1 0 56 0 0 0 255 255 255 255 0 0 0 0 7 0 16 0 0 0 0 0 data 7 0x100007 0x2793 0x38 0xd33 0x140003 0xd33 0x18 oops 0
ciMethod com/android/dx/cf/code/BytecodeArray$ConstantParserVisitor <init> (Lcom/android/dx/cf/code/BytecodeArray;)V 17 1 2 0 -1
ciMethodData com/android/dx/cf/code/BytecodeArray parseInstruction (ILcom/android/dx/cf/code/BytecodeArray$Visitor;)I 2 9820 orig 144 152 11 163 91 0 0 0 0 136 222 85 6 0 0 0 0 136 39 0 0 224 35 0 0 0 0 0 0 0 0 0 0 0 0 0 0 0 0 0 0 0 0 0 0 0 0 0 0 0 0 0 0 0 0 0 0 0 0 0 0 0 0 0 0 0 0 0 0 0 0 0 0 0 0 0 0 0 0 0 0 0 0 0 0 0 0 0 0 0 0 0 0 0 0 0 0 0 2 0 0 225 34 1 0 1 0 0 0 0 0 0 0 0 0 0 0 0 0 239 0 3 0 1 0 40 38 0 0 255 255 255 255 0 0 0 0 7 0 1 0 0 0 0 0 data 1221 0x10007 0x245e 0x20 0x0 0xd0005 0x1bb 0xa7277d0 0x22a2 0x0 0x0 0x120002 0x2463 0x1f0008 0x196 0x0 0x23c8 0x0 0xcc0 0xd 0xcf0 0x0 0xd20 0x8 0xd50 0x5 0xd80 0x0 0xdb0 0x0 0xde0 0x0 0xe10 0x0 0xe40 0x0 0xe70 0x0 0xea0 0x0 0xed0 0x0 0xf00 0x0 0xf30 0x0 0xf60 0x0 0xf90 0x0 0xfc0 0x0 0x1030 0x6 0x10a0 0x0 0x11f8 0x0 0x1350 0xc 0x13e0 0x0 0x1440 0x0 0x14a0 0x0 0x1500 0x8 0x1560 0x0 0x15c0 0x4 0x15c0 0x7 0x15c0 0x5 0x15c0 0x0 0x15f0 0x0 0x15f0 0x2 0x15f0 0x0 0x15f0 0x0 0x1620 0x0 0x1620 0x0 0x1620 0x0 0x1620 0x0 0x1650 0x0 0x1650 0x0 0x1650 0x0 0x1650 0x51 0x1680 0x17 0x1680 0x6 0x1680 0x2 0x1680 0x0 0x16b0 0x0 0x16e0 0x0 0x1710 0x0 0x1740 0x2 0x1770 0x0 0x17a0 0x0 0x17d0 0x0 0x1800 0x2 0x1830 0x0 0x1890 0x0 0x18f0 0x0 0x1950 0x2 0x19b0 0x0 0x1a10 0x0 0x1a10 0x1 0x1a10 0x4 0x1a10 0x0 0x1a40 0x0 0x1a40 0x0 0x1a40 0x0 0x1a40 0x0 0x1a70 0x0 0x1a70 0x0 0x1a70 0x0 0x1a70 0x0 0x1aa0 0x0 0x1aa0 0x0 0x1aa0 0x0 0x1aa0 0x0 0x1ad0 0x4 0x1ad0 0x2 0x1ad0 0x0 0x1ad0 0x1 0x1b00 0x0 0x1b30 0x0 0x1b60 0x0 0x1b90 0x0 0x1bc0 0x0 0x1bf0 0x0 0x1c20 0x0 0x1c50 0xa 0x1c80 0x0 0x1c80 0x9 0x1c80 0x0 0x1c80 0x0 0x1c80 0x0 0x1c80 0x0 0x1c80 0x0 0x1c80 0x0 0x1c80 0x1 0x1cb0 0x0 0x1ce0 0x0 0x1d10 0x0 0x1d40 0x0 0x1cb0 0x0 0x1ce0 0x0 0x1d10 0x0 0x1d40 0x0 0x1cb0 0x0 0x1ce0 0x0 0x1d10 0x0 0x1d40 0x0 0x1cb0 0x0 0x1ce0 0x0 0x1d10 0x0 0x1d40 0x0 0x1cb0 0x0 0x1ce0 0x0 0x1d10 0x0 0x1d40 0x0 0x1cb0 0x0 0x1ce0 0x0 0x1d10 0x0 0x1d40 0x0 0x1cb0 0x0 0x1ce0 0x0 0x1cb0 0x0 0x1ce0 0x0 0x1cb0 0x0 0x1ce0 0x0 0x1cb0 0x0 0x1ce0 0x0 0x1cb0 0x0 0x1ce0 0x0 0x1cb0 0x0 0x1ce0 0x3 0x1d70 0x0 0x1e00 0x0 0x1e30 0x0 0x1e60 0x0 0x1e90 0x0 0x1e30 0x0 0x1e60 0x0 0x1e90 0x0 0x1e00 0x0 0x1e60 0x0 0x1e90 0x0 0x1e00 0x0 0x1e30 0x0 0x1e90 0x0 0x1e90 0x0 0x1e90 0x0 0x1e90 0x0 0x1e90 0x0 0x1e90 0x0 0x1e90 0x0 0x1e90 0x2 0x1ec0 0x0 0x1ec0 0x1 0x1ec0 0x0 0x1ec0 0x0 0x1ec0 0x0 0x1ec0 0x2 0x1ec0 0x0 0x1ec0 0x0 0x1ec0 0x2 0x1ec0 0x0 0x1ec0 0x0 0x1ec0 0x0 0x1ec0 0x0 0x1ec0 0x5 0x1ec0 0x0 0x1ec0 0x0 0x1f20 0x0 0x1f80 0x0 0x1f90 0x4 0x1fa0 0x0 0x1fd0 0x0 0x2000 0x0 0x2030 0x1e 0x2060 0xc 0x2090 0xe 0x20c0 0x2 0x20c0 0x35 0x20c0 0xc 0x20c0 0x10 0x20c0 0x10 0x20c0 0x8 0x20c0 0x8 0x2150 0x0 0x2240 0x9 0x20c0 0x1 0x2250 0x4 0x20c0 0x2 0x1e90 0x0 0x2090 0x4 0x20c0 0x0 0x20c0 0x0 0x2090 0x0 0x2090 0x0 0x2260 0x0 0x2270 0x9 0x1ec0 0x4 0x1ec0 0x0 0x2330 0x0 0x2330 0x35b0005 0x0 0x0 0x0 0x0 0x0 0x36b0005 0x0 0xa727880 0x43 0xa727930 0x42 0x37b0005 0x0 0xa727930 0x7 0xa727880 0x7 0x38b0005 0x0 0xa727880 0x83 0xa727930 0x81 0x39b0005 0x0 0xa727930 0x4e 0xa727880 0x4f 0x3ab0005 0x0 0xa727930 0x11 0xa727880 0x11 0x3bb0005 0x0 0xa727930 0xb 0xa727880 0xb 0x3cb0005 0x0 0xa727930 0xb 0xa727880 0xb 0x3db0005 0x0 0xa727930 0x6 0xa727880 0x6 0x3eb0005 0x0 0xa727930 0x1 0xa727880 0x1 0x3fb0005 0x0 0x0 0x0 0x0 0x0 0x40b0005 0x0 0x0 0x0 0x0 0x0 0x41b0005 0x0 0x0 0x0 0x0 0x0 0x42b0005 0x0 0x0 0x0 0x0 0x0 0x43b0005 0x0 0x0 0x0 0x0 0x0 0x44b0005 0x0 0x0 0x0 0x0 0x0 0x4590005 0x0 0xa7277d0 0x24 0x0 0x0 0x4650002 0x24 0x46a0005 0x0 0xa727930 0x12 0xa727880 0x12 0x4780005 0x0 0xa7277d0 0x10 0x0 0x0 0x4840002 0x10 0x4890005 0x0 0xa727930 0x8 0xa727880 0x8 0x4970005 0x6 0xa7277d0 0xfc 0x0 0x0 0x4a20005 0x0 0xa7279e0 0x102 0x0 0x0 0x4ab0004 0xfffffffffffffefe 0xa727a90 0x6 0x0 0x0 0x4ae0007 0x102 0x98 0x0 0x4b30004 0x0 0x0 0x0 0x0 0x0 0x4b60005 0x0 0x0 0x0 0x0 0x0 0x4b90003 0x0 0x18 0x4c80005 0x0 0xa727930 0x81 0xa727880 0x81 0x4d60005 0x0 0x0 0x0 0x0 0x0 0x4e10005 0x0 0x0 0x0 0x0 0x0 0x4ea0004 0x0 0x0 0x0 0x0 0x0 0x4ed0007 0x0 0x98 0x0 0x4f20004 0x0 0x0 0x0 0x0 0x0 0x4f50005 0x0 0x0 0x0 0x0 0x0 0x4f80003 0x0 0x18 0x5070005 0x0 0x0 0x0 0x0 0x0 0x5150005 0x0 0xa7277d0 0x2 0x0 0x0 0x5200005 0x0 0xa7279e0 0x2 0x0 0x0 0x52f0005 0x0 0xa727930 0x1 0xa727880 0x1 0x53d0005 0xc 0xa7277d0 0x11e 0x0 0x0 0x54d0005 0x0 0xa727930 0x76 0xa727880 0xb4 0x55b0005 0x0 0xa7277d0 0x2 0x0 0x0 0x56b0005 0x0 0xa727930 0x1 0xa727880 0x1 0x5790005 0x0 0x0 0x0 0x0 0x0 0x5890005 0x0 0x0 0x0 0x0 0x0 0x5970005 0x0 0x0 0x0 0x0 0x0 0x5a70005 0x0 0x0 0x0 0x0 0x0 0x5b50005 0x8 0xa7277d0 0x1a4 0x0 0x0 0x5c50005 0x0 0xa727930 0xd6 0xa727880 0xd6 0x5dd0005 0x0 0xa727880 0x85 0xa727930 0x79 0x5f50005 0x0 0xa727930 0x6 0xa727880 0x6 0x60d0005 0x0 0x0 0x0 0x0 0x0 0x6250005 0x0 0x0 0x0 0x0 0x0 0x63d0005 0x0 0xa727930 0x400 0xa727880 0x44c 0x64c0005 0x0 0x0 0x0 0x0 0x0 0x65b0005 0x0 0x0 0x0 0x0 0x0 0x66a0005 0x0 0x0 0x0 0x0 0x0 0x6790005 0x0 0x0 0x0 0x0 0x0 0x6880005 0x0 0xa727930 0xa 0xa727880 0xa 0x6970005 0x0 0x0 0x0 0x0 0x0 0x6a60005 0x0 0x0 0x0 0x0 0x0 0x6b50005 0x0 0x0 0x0 0x0 0x0 0x6c30005 0x2 0xa7277d0 0x6b 0x0 0x0 0x6d30005 0x0 0xa727930 0x2c 0xa727880 0x41 0x6e10005 0x0 0xa7277d0 0x5 0x0 0x0 0x6f10005 0x0 0xa727930 0x2 0xa727880 0x3 0x6ff0005 0x0 0x0 0x0 0x0 0x0 0x70f0005 0x0 0x0 0x0 0x0 0x0 0x71d0005 0x0 0x0 0x0 0x0 0x0 0x72d0005 0x0 0x0 0x0 0x0 0x0 0x73b0005 0x2 0xa7277d0 0x114 0x0 0x0 0x74b0005 0x0 0xa727930 0x7f 0xa727880 0x97 0x7630005 0x0 0xa727880 0x38 0xa727930 0x2d 0x77b0005 0x0 0xa727930 0x1 0xa727880 0x1 0x7930005 0x0 0x0 0x0 0x0 0x0 0x7ab0005 0x0 0x0 0x0 0x0 0x0 0x7c30005 0x0 0xa727880 0x34 0xa727930 0x32 0x7d20005 0x0 0xa727880 0x1 0x0 0x0 0x7e10005 0x0 0x0 0x0 0x0 0x0 0x7f00005 0x0 0x0 0x0 0x0 0x0 0x7ff0005 0x0 0x0 0x0 0x0 0x0 0x80e0005 0x0 0xa727930 0x14 0xa727880 0x14 0x81d0005 0x0 0x0 0x0 0x0 0x0 0x82c0005 0x0 0x0 0x0 0x0 0x0 0x83b0005 0x0 0x0 0x0 0x0 0x0 0x8490005 0x0 0xa727880 0xc1 0xa727930 0xc0 0x8570005 0x0 0xa727880 0xa 0xa727930 0x9 0x8670005 0x0 0x0 0x0 0x0 0x0 0x8770005 0x0 0x0 0x0 0x0 0x0 0x8870005 0x0 0x0 0x0 0x0 0x0 0x8950005 0x3 0xa7277d0 0xe 0x0 0x0 0x8a10005 0x3 0xa7277d0 0xe 0x0 0x0 0x8b10005 0x0 0xa727880 0x9 0xa727930 0x8 0x8bf0005 0x0 0x0 0x0 0x0 0x0 0x8cd0005 0x0 0x0 0x0 0x0 0x0 0x8db0005 0x0 0x0 0x0 0x0 0x0 0x8e90005 0x0 0xa727930 0xc 0xa727880 0xc 0x8f80005 0x19 0xa7277d0 0x21a 0x0 0x0 0x9040005 0x0 0xa727880 0x136 0xa727930 0xfd 0x9120005 0x0 0x0 0x0 0x0 0x0 0x9210005 0x0 0x0 0x0 0x0 0x0 0x92b0002 0x0 0x9320002 0x20 0x93f0005 0x0 0xa727930 0x30 0xa727880 0x30 0x94f0005 0x0 0x0 0x0 0x0 0x0 0x95f0005 0x0 0x0 0x0 0x0 0x0 0x96f0005 0x0 0x0 0x0 0x0 0x0 0x97f0005 0x0 0xa727930 0x87 0xa727880 0x87 0x98d0005 0x0 0xa727930 0x87 0xa727880 0x87 0x99b0005 0x8a 0xa7277d0 0xa4e 0x0 0x0 0x9a60005 0x0 0xa7279e0 0xad9 0x0 0x0 0x9b40005 0x1 0xa727930 0x538 0xa727880 0x5a0 0x9c20005 0x8 0xa7277d0 0x6e 0x0 0x0 0x9ce0005 0x8 0xa7277d0 0x6e 0x0 0x0 0x9da0005 0x8 0xa7277d0 0x6e 0x0 0x0 0x9e50005 0x0 0xa7279e0 0x76 0x0 0x0 0x9fa0005 0x0 0xa727930 0x3b 0xa727880 0x3b 0xa070002 0x0 0xa0e0002 0x1 0xa150002 0x0 0xa200005 0x0 0x0 0x0 0x0 0x0 0xa2c0005 0x0 0x0 0x0 0x0 0x0 0xa370005 0x0 0x0 0x0 0x0 0x0 0xa460005 0x0 0x0 0x0 0x0 0x0 0xa550005 0x0 0x0 0x0 0x0 0x0 0xa5f0007 0x0 0x38 0x0 0xa650003 0x0 0x18 0xa740005 0x0 0x0 0x0 0x0 0x0 0xa7f0005 0x0 0x0 0x0 0x0 0x0 0xa8c0002 0x0 0xa910005 0x0 0x0 0x0 0x0 0x0 0xa950002 0x0 0xa980005 0x0 0x0 0x0 0x0 0x0 0xa9b0005 0x0 0x0 0x0 0x0 0x0 0xa9e0005 0x0 0x0 0x0 0x0 0x0 0xaa90002 0x0 0xab40002 0x0 0xab90005 0x0 0x0 0x0 0x0 0x0 0xabd0002 0x0 0xac00005 0x0 0x0 0x0 0x0 0x0 0xac30005 0x0 0x0 0x0 0x0 0x0 0xac60005 0x0 0x0 0x0 0x0 0x0 oops 98 6 com/android/dx/util/ByteArray 428 com/android/dx/cf/code/Simulator$SimVisitor 430 com/android/dx/cf/code/BasicBlocker 434 com/android/dx/cf/code/BasicBlocker 436 com/android/dx/cf/code/Simulator$SimVisitor 440 com/android/dx/cf/code/Simulator$SimVisitor 442 com/android/dx/cf/code/BasicBlocker 446 com/android/dx/cf/code/BasicBlocker 448 com/android/dx/cf/code/Simulator$SimVisitor 452 com/android/dx/cf/code/BasicBlocker 454 com/android/dx/cf/code/Simulator$SimVisitor 458 com/android/dx/cf/code/BasicBlocker 460 com/android/dx/cf/code/Simulator$SimVisitor 464 com/android/dx/cf/code/BasicBlocker 466 com/android/dx/cf/code/Simulator$SimVisitor 470 com/android/dx/cf/code/BasicBlocker 472 com/android/dx/cf/code/Simulator$SimVisitor 476 com/android/dx/cf/code/BasicBlocker 478 com/android/dx/cf/code/Simulator$SimVisitor 518 com/android/dx/util/ByteArray 526 com/android/dx/cf/code/BasicBlocker 528 com/android/dx/cf/code/Simulator$SimVisitor 532 com/android/dx/util/ByteArray 540 com/android/dx/cf/code/BasicBlocker