JvmtiExport can_access_local_variables 0
JvmtiExport can_hotswap_or_post_breakpoint 0
JvmtiExport can_post_on_exceptions 0
# 513 ciObject found
ciMethod java/lang/Object <init> ()V 4097 1 953997 0 0
ciMethod java/lang/Object getClass ()Ljava/lang/Class; 2049 1 256 0 -1
ciMethod java/lang/Object equals (Ljava/lang/Object;)Z 4097 1 8317 0 -1
ciMethod java/lang/String length ()I 3073 1 17227 0 -1
ciMethod java/lang/String charAt (I)C 4097 1 41418 0 112
ciMethod java/lang/String getChars (II[CI)V 2057 1 5394 0 -1
ciMethod java/lang/String equals (Ljava/lang/Object;)Z 2241 11841 1914 0 -1
ciMethod java/lang/String substring (I)Ljava/lang/String; 2097 1 9485 0 -1
ciMethod java/lang/Class getComponentType ()Ljava/lang/Class; 497 1 17 0 -1
ciMethod java/lang/System arraycopy (Ljava/lang/Object;ILjava/lang/Object;II)V 5121 1 640 0 -1
ciMethod java/lang/RuntimeException <init> (Ljava/lang/String;)V 0 0 3 0 -1
ciMethod java/util/Map get (Ljava/lang/Object;)Ljava/lang/Object; 0 0 1 0 -1
ciMethod java/util/Map put (Ljava/lang/Object;Ljava/lang/Object;)Ljava/lang/Object; 0 0 1 0 -1
ciMethod java/lang/AbstractStringBuilder ensureCapacityInternal (I)V 2409 1 12490 0 -1
ciMethod java/lang/AbstractStringBuilder expandCapacity (I)V 649 1 4648 0 -1
ciMethod java/lang/AbstractStringBuilder append (Ljava/lang/String;)Ljava/lang/AbstractStringBuilder; 1145 1 5368 0 -1
ciMethod java/lang/AbstractStringBuilder appendNull ()Ljava/lang/AbstractStringBuilder; 0 0 1 0 -1
ciMethod java/lang/StringBuilder <init> ()V 569 1 15529 0 -1
ciMethod java/lang/StringBuilder append (Ljava/lang/String;)Ljava/lang/StringBuilder; 1073 1 33936 0 -1
ciMethod java/lang/StringBuilder append (C)Ljava/lang/StringBuilder; 3633 1 5869 0 -1
ciMethod java/lang/StringBuilder toString ()Ljava/lang/String; 593 1 15538 0 -1
ciMethod java/lang/NullPointerException <init> (Ljava/lang/String;)V 0 0 1 0 -1
ciMethod java/lang/Math max (II)I 217 1 90088 0 -1
ciMethod java/lang/Math min (II)I 3633 1 31630 0 -1
ciMethod java/util/Iterator hasNext ()Z 0 0 1 0 -1
ciMethod java/util/Iterator next ()Ljava/lang/Object; 0 0 1 0 -1
ciMethod java/util/ArrayList ensureCapacityInternal (I)V 641 1 297915 0 592
ciMethod java/util/ArrayList ensureExplicitCapacity (I)V 641 1 294113 0 560
ciMethod java/util/ArrayList grow (I)V 89 1 7348 0 528
ciMethod java/util/ArrayList hugeCapacity (I)I 0 0 1 0 0
ciMethod java/util/ArrayList size ()I 1209 1 151 0 0
ciMethod java/util/ArrayList elementData (I)Ljava/lang/Object; 1977 1 1040691 0 0
ciMethod java/util/ArrayList get (I)Ljava/lang/Object; 1977 1 1001637 0 112
ciMethod java/util/ArrayList set (ILjava/lang/Object;)Ljava/lang/Object; 4105 1 16877 0 0
ciMethod java/util/ArrayList add (Ljava/lang/Object;)Z 641 1 286238 0 752
ciMethod java/util/ArrayList remove (I)Ljava/lang/Object; 3145 1 6872 0 -1
ciMethod java/util/ArrayList clear ()V 3849 8193 14708 0 0
ciMethod java/util/ArrayList rangeCheck (I)V 1977 1 1039514 0 80
ciMethod java/util/ArrayList iterator ()Ljava/util/Iterator; 4097 1 161971 0 176
ciMethod java/util/ArrayList access$100 (Ljava/util/ArrayList;)I 2673 1 334 0 0
ciMethod java/util/HashMap <init> ()V 137 1 39259 0 -1
ciMethod java/util/Arrays copyOf ([Ljava/lang/Object;I)[Ljava/lang/Object; 3081 1 18797 0 0
ciMethod java/util/Arrays copyOf ([Ljava/lang/Object;ILjava/lang/Class;)[Ljava/lang/Object; 2073 1 6483 0 -1
ciMethodData java/lang/Object <init> ()V 2 954012 orig 144 152 11 163 91 0 0 0 0 136 4 246 5 0 0 0 0 168 0 0 0 0 0 0 0 0 0 0 0 0 0 0 0 0 0 0 0 0 0 0 0 0 0 0 0 0 0 0 0 0 0 0 0 0 0 0 0 0 0 0 0 0 0 0 0 1 0 0 0 0 0 0 0 1 0 0 0 0 0 0 0 1 0 0 0 0 0 0 0 0 0 0 0 0 0 0 0 0 2 0 0 225 100 116 0 1 0 0 0 0 0 0 0 0 0 0 0 0 0 3 0 3 0 0 0 0 0 0 0 255 255 255 255 0 0 0 0 0 0 0 0 0 0 0 0 data 0 oops 0
ciMethod java/lang/IllegalArgumentException <init> (Ljava/lang/String;)V 0 0 1 0 -1
ciMethod java/lang/reflect/Array newInstance (Ljava/lang/Class;I)Ljava/lang/Object; 113 1 14 0 -1
ciMethodData java/lang/String charAt (I)C 2 41418 orig 144 152 11 163 91 0 0 0 0 56 61 246 5 0 0 0 0 0 1 0 0 32 0 0 0 0 0 0 0 0 0 0 0 0 0 0 0 0 0 0 0 0 0 0 0 0 0 0 0 0 0 0 0 0 0 0 0 0 0 0 0 0 0 0 0 0 0 0 0 0 0 0 0 0 0 0 0 0 0 0 0 0 0 0 0 0 0 0 0 0 0 0 0 0 0 0 0 0 2 0 0 81 254 4 0 1 0 0 0 0 0 0 0 0 0 0 0 0 0 8 0 4 0 1 0 80 0 0 0 255 255 255 255 0 0 0 0 7 0 1 0 0 0 0 0 data 10 0x10007 0x0 0x40 0x9fcb 0xa0007 0x9fcb 0x30 0x0 0x120002 0x0 oops 0
ciMethodData java/lang/String length ()I 2 17227 orig 144 152 11 163 91 0 0 0 0 232 59 246 5 0 0 0 0 168 0 0 0 0 0 0 0 0 0 0 0 0 0 0 0 0 0 0 0 0 0 0 0 0 0 0 0 0 0 0 0 0 0 0 0 0 0 0 0 0 0 0 0 0 0 0 0 1 0 0 0 0 0 0 0 0 0 0 0 0 0 0 0 1 0 0 0 0 0 0 0 0 0 0 0 0 0 0 0 128 1 0 0 89 14 2 0 1 0 0 0 0 0 0 0 0 0 0 0 0 0 3 0 3 0 0 0 0 0 0 0 255 255 255 255 0 0 0 0 0 0 0 0 0 0 0 0 data 0 oops 0
ciMethodData java/lang/AbstractStringBuilder ensureCapacityInternal (I)V 2 12490 orig 144 152 11 163 91 0 0 0 0 104 6 253 5 0 0 0 0 0 1 0 0 0 0 0 0 0 0 0 0 0 0 0 0 0 0 0 0 0 0 0 0 0 0 0 0 0 0 0 0 0 0 0 0 0 0 0 0 0 0 0 0 0 0 0 0 0 0 0 0 0 0 0 0 0 0 0 0 0 0 0 0 0 0 0 0 0 0 0 0 0 0 0 0 0 0 0 0 45 1 0 0 233 124 1 0 1 0 0 0 0 0 0 0 0 0 0 0 0 0 6 0 3 0 1 0 80 0 0 0 255 255 255 255 0 0 0 0 7 0 7 0 0 0 0 0 data 10 0x70007 0x1dc6 0x50 0x11d7 0xc0005 0x0 0x69573c0 0x11d7 0x0 0x0 oops 1